<?xml version="1.0" encoding="UTF-8"?>
<coverage generated="1770869930213" clover="3.2.0">
  <project timestamp="1770869930213" name="All files">
    <metrics statements="313" coveredstatements="283" conditionals="108" coveredconditionals="88" methods="121" coveredmethods="99" elements="542" coveredelements="470" complexity="0" loc="313" ncloc="313" packages="3" files="26" classes="26"/>
    <package name="src">
      <metrics statements="22" coveredstatements="22" conditionals="2" coveredconditionals="2" methods="7" coveredmethods="7"/>
      <file name="App.jsx" path="C:\Users\2393630\OneDrive - Cognizant\Documents\Flowsource\projects\energy-asset-management\src\App.jsx">
        <metrics statements="2" coveredstatements="2" conditionals="0" coveredconditionals="0" methods="1" coveredmethods="1"/>
        <line num="20" count="1" type="stmt"/>
        <line num="21" count="1" type="stmt"/>
      </file>
      <file name="AuthContext.js" path="C:\Users\2393630\OneDrive - Cognizant\Documents\Flowsource\projects\energy-asset-management\src\AuthContext.js">
        <metrics statements="11" coveredstatements="11" conditionals="2" coveredconditionals="2" methods="4" coveredmethods="4"/>
        <line num="5" count="1" type="stmt"/>
        <line num="7" count="1" type="stmt"/>
        <line num="8" count="4" type="stmt"/>
        <line num="9" count="4" type="stmt"/>
        <line num="11" count="4" type="stmt"/>
        <line num="12" count="2" type="stmt"/>
        <line num="13" count="2" type="stmt"/>
        <line num="14" count="2" type="stmt"/>
        <line num="17" count="2" type="stmt"/>
        <line num="20" count="4" type="stmt"/>
        <line num="27" count="2" type="stmt"/>
      </file>
      <file name="ScrollToTop.jsx" path="C:\Users\2393630\OneDrive - Cognizant\Documents\Flowsource\projects\energy-asset-management\src\ScrollToTop.jsx">
        <metrics statements="4" coveredstatements="4" conditionals="0" coveredconditionals="0" methods="2" coveredmethods="2"/>
        <line num="5" count="1" type="stmt"/>
        <line num="7" count="1" type="stmt"/>
        <line num="8" count="1" type="stmt"/>
        <line num="11" count="1" type="stmt"/>
      </file>
      <file name="firebase.js" path="C:\Users\2393630\OneDrive - Cognizant\Documents\Flowsource\projects\energy-asset-management\src\firebase.js">
        <metrics statements="4" coveredstatements="4" conditionals="0" coveredconditionals="0" methods="0" coveredmethods="0"/>
        <line num="5" count="1" type="stmt"/>
        <line num="16" count="1" type="stmt"/>
        <line num="19" count="1" type="stmt"/>
        <line num="22" count="1" type="stmt"/>
      </file>
      <file name="main.jsx" path="C:\Users\2393630\OneDrive - Cognizant\Documents\Flowsource\projects\energy-asset-management\src\main.jsx">
        <metrics statements="1" coveredstatements="1" conditionals="0" coveredconditionals="0" methods="0" coveredmethods="0"/>
        <line num="10" count="1" type="stmt"/>
      </file>
    </package>
    <package name="src.components">
      <metrics statements="32" coveredstatements="32" conditionals="22" coveredconditionals="17" methods="11" coveredmethods="11"/>
      <file name="AboutSection.jsx" path="C:\Users\2393630\OneDrive - Cognizant\Documents\Flowsource\projects\energy-asset-management\src\components\AboutSection.jsx">
        <metrics statements="2" coveredstatements="2" conditionals="0" coveredconditionals="0" methods="1" coveredmethods="1"/>
        <line num="3" count="1" type="stmt"/>
        <line num="4" count="1" type="stmt"/>
      </file>
      <file name="ContactForm.jsx" path="C:\Users\2393630\OneDrive - Cognizant\Documents\Flowsource\projects\energy-asset-management\src\components\ContactForm.jsx">
        <metrics statements="2" coveredstatements="2" conditionals="0" coveredconditionals="0" methods="1" coveredmethods="1"/>
        <line num="3" count="1" type="stmt"/>
        <line num="4" count="1" type="stmt"/>
      </file>
      <file name="Footer.jsx" path="C:\Users\2393630\OneDrive - Cognizant\Documents\Flowsource\projects\energy-asset-management\src\components\Footer.jsx">
        <metrics statements="2" coveredstatements="2" conditionals="0" coveredconditionals="0" methods="1" coveredmethods="1"/>
        <line num="3" count="1" type="stmt"/>
        <line num="4" count="1" type="stmt"/>
      </file>
      <file name="HeroSection.jsx" path="C:\Users\2393630\OneDrive - Cognizant\Documents\Flowsource\projects\energy-asset-management\src\components\HeroSection.jsx">
        <metrics statements="2" coveredstatements="2" conditionals="0" coveredconditionals="0" methods="1" coveredmethods="1"/>
        <line num="4" count="1" type="stmt"/>
        <line num="5" count="3" type="stmt"/>
      </file>
      <file name="Navbar.jsx" path="C:\Users\2393630\OneDrive - Cognizant\Documents\Flowsource\projects\energy-asset-management\src\components\Navbar.jsx">
        <metrics statements="14" coveredstatements="14" conditionals="16" coveredconditionals="11" methods="4" coveredmethods="4"/>
        <line num="6" count="1" type="stmt"/>
        <line num="7" count="5" type="stmt"/>
        <line num="8" count="5" type="stmt"/>
        <line num="10" count="5" type="stmt"/>
        <line num="12" count="22" type="stmt"/>
        <line num="14" count="5" type="stmt"/>
        <line num="15" count="2" type="stmt"/>
        <line num="16" count="2" type="cond" truecount="2" falsecount="0"/>
        <line num="17" count="1" type="stmt"/>
        <line num="19" count="1" type="stmt"/>
        <line num="23" count="5" type="stmt"/>
        <line num="24" count="1" type="stmt"/>
        <line num="25" count="1" type="stmt"/>
        <line num="28" count="5" type="stmt"/>
      </file>
      <file name="ProtectedRoute.jsx" path="C:\Users\2393630\OneDrive - Cognizant\Documents\Flowsource\projects\energy-asset-management\src\components\ProtectedRoute.jsx">
        <metrics statements="6" coveredstatements="6" conditionals="2" coveredconditionals="2" methods="1" coveredmethods="1"/>
        <line num="3" count="1" type="stmt"/>
        <line num="4" count="2" type="stmt"/>
        <line num="5" count="2" type="stmt"/>
        <line num="7" count="2" type="cond" truecount="2" falsecount="0"/>
        <line num="8" count="1" type="stmt"/>
        <line num="11" count="1" type="stmt"/>
      </file>
      <file name="ServiceCard.jsx" path="C:\Users\2393630\OneDrive - Cognizant\Documents\Flowsource\projects\energy-asset-management\src\components\ServiceCard.jsx">
        <metrics statements="4" coveredstatements="4" conditionals="4" coveredconditionals="4" methods="2" coveredmethods="2"/>
        <line num="4" count="1" type="stmt"/>
        <line num="5" count="2" type="stmt"/>
        <line num="6" count="2" type="stmt"/>
        <line num="19" count="2" type="stmt"/>
      </file>
    </package>
    <package name="src.pages">
      <metrics statements="259" coveredstatements="229" conditionals="84" coveredconditionals="69" methods="103" coveredmethods="81"/>
      <file name="About.jsx" path="C:\Users\2393630\OneDrive - Cognizant\Documents\Flowsource\projects\energy-asset-management\src\pages\About.jsx">
        <metrics statements="10" coveredstatements="8" conditionals="2" coveredconditionals="0" methods="7" coveredmethods="5"/>
        <line num="8" count="1" type="stmt"/>
        <line num="9" count="6" type="stmt"/>
        <line num="10" count="6" type="stmt"/>
        <line num="11" count="6" type="stmt"/>
        <line num="13" count="0" type="stmt"/>
        <line num="14" count="0" type="cond" truecount="0" falsecount="2"/>
        <line num="19" count="54" type="stmt"/>
        <line num="22" count="6" type="stmt"/>
        <line num="193" count="24" type="stmt"/>
        <line num="222" count="18" type="stmt"/>
      </file>
      <file name="Contact.jsx" path="C:\Users\2393630\OneDrive - Cognizant\Documents\Flowsource\projects\energy-asset-management\src\pages\Contact.jsx">
        <metrics statements="17" coveredstatements="17" conditionals="2" coveredconditionals="2" methods="7" coveredmethods="5"/>
        <line num="15" count="1" type="stmt"/>
        <line num="16" count="1" type="stmt"/>
        <line num="23" count="1" type="stmt"/>
        <line num="25" count="1" type="stmt"/>
        <line num="26" count="11" type="stmt"/>
        <line num="27" count="11" type="stmt"/>
        <line num="29" count="11" type="stmt"/>
        <line num="30" count="6" type="stmt"/>
        <line num="32" count="11" type="stmt"/>
        <line num="33" count="2" type="stmt"/>
        <line num="35" count="2" type="stmt"/>
        <line num="42" count="1" type="stmt"/>
        <line num="47" count="1" type="stmt"/>
        <line num="49" count="1" type="stmt"/>
        <line num="52" count="1" type="stmt"/>
        <line num="57" count="1" type="stmt"/>
        <line num="61" count="11" type="stmt"/>
      </file>
      <file name="DataScience.jsx" path="C:\Users\2393630\OneDrive - Cognizant\Documents\Flowsource\projects\energy-asset-management\src\pages\DataScience.jsx">
        <metrics statements="69" coveredstatements="58" conditionals="22" coveredconditionals="17" methods="20" coveredmethods="13"/>
        <line num="5" count="1" type="stmt"/>
        <line num="6" count="16" type="stmt"/>
        <line num="8" count="16" type="stmt"/>
        <line num="9" count="16" type="stmt"/>
        <line num="10" count="16" type="stmt"/>
        <line num="12" count="16" type="stmt"/>
        <line num="13" count="16" type="stmt"/>
        <line num="14" count="16" type="stmt"/>
        <line num="15" count="16" type="stmt"/>
        <line num="18" count="16" type="stmt"/>
        <line num="20" count="16" type="stmt"/>
        <line num="27" count="16" type="stmt"/>
        <line num="36" count="16" type="stmt"/>
        <line num="37" count="11" type="stmt"/>
        <line num="39" count="33" type="stmt"/>
        <line num="41" count="0" type="stmt"/>
        <line num="62" count="16" type="stmt"/>
        <line num="63" count="2" type="cond" truecount="1" falsecount="1"/>
        <line num="64" count="0" type="stmt"/>
        <line num="65" count="0" type="stmt"/>
        <line num="68" count="2" type="stmt"/>
        <line num="70" count="2" type="stmt"/>
        <line num="71" count="2" type="stmt"/>
        <line num="72" count="2" type="stmt"/>
        <line num="73" count="2" type="stmt"/>
        <line num="74" count="2" type="stmt"/>
        <line num="76" count="2" type="stmt"/>
        <line num="77" count="2" type="stmt"/>
        <line num="82" count="2" type="cond" truecount="2" falsecount="0"/>
        <line num="83" count="1" type="stmt"/>
        <line num="84" count="1" type="stmt"/>
        <line num="85" count="1" type="stmt"/>
        <line num="86" count="1" type="stmt"/>
        <line num="87" count="1" type="stmt"/>
        <line num="90" count="1" type="stmt"/>
        <line num="91" count="1" type="stmt"/>
        <line num="92" count="1" type="stmt"/>
        <line num="94" count="0" type="stmt"/>
        <line num="95" count="0" type="stmt"/>
        <line num="98" count="1" type="stmt"/>
        <line num="102" count="16" type="stmt"/>
        <line num="103" count="5" type="stmt"/>
        <line num="116" count="4" type="stmt"/>
        <line num="125" count="16" type="stmt"/>
        <line num="126" count="10" type="stmt"/>
        <line num="128" count="10" type="stmt"/>
        <line num="137" count="10" type="stmt"/>
        <line num="138" count="2" type="stmt"/>
        <line num="139" count="2" type="stmt"/>
        <line num="140" count="2" type="cond" truecount="1" falsecount="1"/>
        <line num="143" count="10" type="stmt"/>
        <line num="158" count="0" type="stmt"/>
        <line num="174" count="1" type="stmt"/>
        <line num="184" count="0" type="stmt"/>
        <line num="214" count="0" type="stmt"/>
        <line num="236" count="16" type="stmt"/>
        <line num="237" count="1" type="cond" truecount="1" falsecount="1"/>
        <line num="239" count="1" type="stmt"/>
        <line num="240" count="1" type="stmt"/>
        <line num="241" count="1" type="stmt"/>
        <line num="243" count="1" type="stmt"/>
        <line num="248" count="1" type="stmt"/>
        <line num="250" count="1" type="stmt"/>
        <line num="278" count="2" type="stmt"/>
        <line num="288" count="1" type="stmt"/>
        <line num="300" count="0" type="stmt"/>
        <line num="328" count="0" type="stmt"/>
        <line num="373" count="0" type="stmt"/>
        <line num="383" count="16" type="stmt"/>
      </file>
      <file name="DetailsPage.jsx" path="C:\Users\2393630\OneDrive - Cognizant\Documents\Flowsource\projects\energy-asset-management\src\pages\DetailsPage.jsx">
        <metrics statements="13" coveredstatements="13" conditionals="8" coveredconditionals="6" methods="6" coveredmethods="6"/>
        <line num="12" count="1" type="stmt"/>
        <line num="13" count="3" type="stmt"/>
        <line num="14" count="3" type="stmt"/>
        <line num="15" count="3" type="cond" truecount="2" falsecount="0"/>
        <line num="17" count="3" type="stmt"/>
        <line num="19" count="3" type="stmt"/>
        <line num="20" count="2" type="stmt"/>
        <line num="23" count="3" type="cond" truecount="2" falsecount="0"/>
        <line num="24" count="1" type="stmt"/>
        <line num="34" count="2" type="stmt"/>
        <line num="186" count="2" type="stmt"/>
        <line num="197" count="2" type="stmt"/>
        <line num="208" count="2" type="stmt"/>
      </file>
      <file name="ForgotPassword.jsx" path="C:\Users\2393630\OneDrive - Cognizant\Documents\Flowsource\projects\energy-asset-management\src\pages\ForgotPassword.jsx">
        <metrics statements="14" coveredstatements="14" conditionals="4" coveredconditionals="4" methods="5" coveredmethods="4"/>
        <line num="6" count="1" type="stmt"/>
        <line num="7" count="7" type="stmt"/>
        <line num="8" count="7" type="stmt"/>
        <line num="10" count="7" type="stmt"/>
        <line num="11" count="2" type="stmt"/>
        <line num="13" count="2" type="cond" truecount="2" falsecount="0"/>
        <line num="14" count="1" type="stmt"/>
        <line num="15" count="1" type="stmt"/>
        <line num="16" count="1" type="stmt"/>
        <line num="20" count="1" type="stmt"/>
        <line num="21" count="1" type="stmt"/>
        <line num="22" count="1" type="stmt"/>
        <line num="25" count="7" type="stmt"/>
        <line num="53" count="1" type="stmt"/>
      </file>
      <file name="Home.jsx" path="C:\Users\2393630\OneDrive - Cognizant\Documents\Flowsource\projects\energy-asset-management\src\pages\Home.jsx">
        <metrics statements="17" coveredstatements="17" conditionals="8" coveredconditionals="6" methods="11" coveredmethods="11"/>
        <line num="19" count="1" type="stmt"/>
        <line num="20" count="7" type="stmt"/>
        <line num="21" count="7" type="stmt"/>
        <line num="38" count="7" type="stmt"/>
        <line num="39" count="7" type="stmt"/>
        <line num="59" count="7" type="stmt"/>
        <line num="60" count="7" type="stmt"/>
        <line num="97" count="7" type="stmt"/>
        <line num="98" count="7" type="stmt"/>
        <line num="109" count="7" type="stmt"/>
        <line num="110" count="7" type="stmt"/>
        <line num="118" count="7" type="stmt"/>
        <line num="219" count="168" type="stmt"/>
        <line num="231" count="210" type="stmt"/>
        <line num="237" count="14" type="stmt"/>
        <line num="269" count="42" type="stmt"/>
        <line num="319" count="7" type="stmt"/>
      </file>
      <file name="Login.jsx" path="C:\Users\2393630\OneDrive - Cognizant\Documents\Flowsource\projects\energy-asset-management\src\pages\Login.jsx">
        <metrics statements="31" coveredstatements="20" conditionals="10" coveredconditionals="8" methods="10" coveredmethods="6"/>
        <line num="16" count="1" type="stmt"/>
        <line num="17" count="19" type="stmt"/>
        <line num="18" count="19" type="stmt"/>
        <line num="19" count="19" type="stmt"/>
        <line num="20" count="19" type="stmt"/>
        <line num="25" count="19" type="stmt"/>
        <line num="26" count="0" type="stmt"/>
        <line num="27" count="0" type="stmt"/>
        <line num="29" count="0" type="stmt"/>
        <line num="31" count="0" type="stmt"/>
        <line num="34" count="0" type="stmt"/>
        <line num="36" count="0" type="stmt"/>
        <line num="38" count="0" type="stmt"/>
        <line num="39" count="0" type="stmt"/>
        <line num="40" count="0" type="stmt"/>
        <line num="47" count="19" type="stmt"/>
        <line num="48" count="0" type="stmt"/>
        <line num="51" count="19" type="stmt"/>
        <line num="52" count="8" type="stmt"/>
        <line num="54" count="19" type="stmt"/>
        <line num="55" count="3" type="stmt"/>
        <line num="57" count="3" type="stmt"/>
        <line num="59" count="3" type="cond" truecount="4" falsecount="0"/>
        <line num="60" count="1" type="stmt"/>
        <line num="62" count="1" type="stmt"/>
        <line num="65" count="1" type="stmt"/>
        <line num="67" count="2" type="stmt"/>
        <line num="68" count="2" type="stmt"/>
        <line num="73" count="19" type="stmt"/>
        <line num="147" count="0" type="stmt"/>
        <line num="200" count="1" type="stmt"/>
      </file>
      <file name="NonRenewable.jsx" path="C:\Users\2393630\OneDrive - Cognizant\Documents\Flowsource\projects\energy-asset-management\src\pages\NonRenewable.jsx">
        <metrics statements="14" coveredstatements="14" conditionals="10" coveredconditionals="9" methods="6" coveredmethods="6"/>
        <line num="12" count="1" type="stmt"/>
        <line num="13" count="6" type="stmt"/>
        <line num="14" count="6" type="cond" truecount="2" falsecount="0"/>
        <line num="15" count="6" type="stmt"/>
        <line num="17" count="6" type="stmt"/>
        <line num="93" count="6" type="stmt"/>
        <line num="95" count="36" type="cond" truecount="1" falsecount="1"/>
        <line num="99" count="6" type="stmt"/>
        <line num="138" count="1" type="stmt"/>
        <line num="147" count="36" type="stmt"/>
        <line num="159" count="1" type="stmt"/>
        <line num="160" count="1" type="stmt"/>
        <line num="163" count="1" type="stmt"/>
        <line num="164" count="1" type="stmt"/>
      </file>
      <file name="Projects.jsx" path="C:\Users\2393630\OneDrive - Cognizant\Documents\Flowsource\projects\energy-asset-management\src\pages\Projects.jsx">
        <metrics statements="17" coveredstatements="12" conditionals="0" coveredconditionals="0" methods="9" coveredmethods="6"/>
        <line num="16" count="1" type="stmt"/>
        <line num="17" count="3" type="stmt"/>
        <line num="19" count="3" type="stmt"/>
        <line num="28" count="3" type="stmt"/>
        <line num="37" count="3" type="stmt"/>
        <line num="91" count="18" type="stmt"/>
        <line num="99" count="1" type="stmt"/>
        <line num="100" count="1" type="stmt"/>
        <line num="104" count="1" type="stmt"/>
        <line num="105" count="1" type="stmt"/>
        <line num="126" count="1" type="stmt"/>
        <line num="143" count="18" type="stmt"/>
        <line num="151" count="0" type="stmt"/>
        <line num="152" count="0" type="stmt"/>
        <line num="156" count="0" type="stmt"/>
        <line num="157" count="0" type="stmt"/>
        <line num="178" count="0" type="stmt"/>
      </file>
      <file name="Renewable.jsx" path="C:\Users\2393630\OneDrive - Cognizant\Documents\Flowsource\projects\energy-asset-management\src\pages\Renewable.jsx">
        <metrics statements="14" coveredstatements="14" conditionals="10" coveredconditionals="9" methods="6" coveredmethods="6"/>
        <line num="12" count="1" type="stmt"/>
        <line num="13" count="6" type="stmt"/>
        <line num="14" count="6" type="cond" truecount="2" falsecount="0"/>
        <line num="16" count="6" type="stmt"/>
        <line num="18" count="6" type="stmt"/>
        <line num="94" count="6" type="stmt"/>
        <line num="96" count="36" type="cond" truecount="1" falsecount="1"/>
        <line num="100" count="6" type="stmt"/>
        <line num="155" count="2" type="stmt"/>
        <line num="164" count="36" type="stmt"/>
        <line num="176" count="1" type="stmt"/>
        <line num="177" count="1" type="stmt"/>
        <line num="180" count="1" type="stmt"/>
        <line num="181" count="1" type="stmt"/>
      </file>
      <file name="ResetPassword.jsx" path="C:\Users\2393630\OneDrive - Cognizant\Documents\Flowsource\projects\energy-asset-management\src\pages\ResetPassword.jsx">
        <metrics statements="18" coveredstatements="18" conditionals="4" coveredconditionals="4" methods="6" coveredmethods="5"/>
        <line num="5" count="1" type="stmt"/>
        <line num="6" count="10" type="stmt"/>
        <line num="7" count="10" type="stmt"/>
        <line num="8" count="10" type="stmt"/>
        <line num="9" count="10" type="stmt"/>
        <line num="11" count="10" type="stmt"/>
        <line num="12" count="2" type="stmt"/>
        <line num="13" count="2" type="cond" truecount="2" falsecount="0"/>
        <line num="14" count="1" type="stmt"/>
        <line num="15" count="1" type="stmt"/>
        <line num="16" count="1" type="stmt"/>
        <line num="18" count="1" type="stmt"/>
        <line num="19" count="1" type="stmt"/>
        <line num="20" count="1" type="stmt"/>
        <line num="21" count="1" type="stmt"/>
        <line num="25" count="10" type="stmt"/>
        <line num="38" count="2" type="stmt"/>
        <line num="42" count="2" type="stmt"/>
      </file>
      <file name="Services.jsx" path="C:\Users\2393630\OneDrive - Cognizant\Documents\Flowsource\projects\energy-asset-management\src\pages\Services.jsx">
        <metrics statements="2" coveredstatements="2" conditionals="0" coveredconditionals="0" methods="1" coveredmethods="1"/>
        <line num="3" count="1" type="stmt"/>
        <line num="4" count="1" type="stmt"/>
      </file>
      <file name="Signup.jsx" path="C:\Users\2393630\OneDrive - Cognizant\Documents\Flowsource\projects\energy-asset-management\src\pages\Signup.jsx">
        <metrics statements="16" coveredstatements="15" conditionals="4" coveredconditionals="4" methods="6" coveredmethods="4"/>
        <line num="5" count="1" type="stmt"/>
        <line num="6" count="11" type="stmt"/>
        <line num="7" count="11" type="stmt"/>
        <line num="8" count="11" type="stmt"/>
        <line num="10" count="11" type="stmt"/>
        <line num="11" count="6" type="stmt"/>
        <line num="13" count="11" type="stmt"/>
        <line num="14" count="2" type="stmt"/>
        <line num="16" count="2" type="cond" truecount="2" falsecount="0"/>
        <line num="17" count="1" type="stmt"/>
        <line num="18" count="1" type="stmt"/>
        <line num="20" count="1" type="stmt"/>
        <line num="21" count="1" type="stmt"/>
        <line num="23" count="1" type="stmt"/>
        <line num="27" count="11" type="stmt"/>
        <line num="121" count="0" type="stmt"/>
      </file>
      <file name="logout.jsx" path="C:\Users\2393630\OneDrive - Cognizant\Documents\Flowsource\projects\energy-asset-management\src\pages\logout.jsx">
        <metrics statements="7" coveredstatements="7" conditionals="0" coveredconditionals="0" methods="3" coveredmethods="3"/>
        <line num="4" count="1" type="stmt"/>
        <line num="5" count="1" type="stmt"/>
        <line num="7" count="1" type="stmt"/>
        <line num="9" count="1" type="stmt"/>
        <line num="12" count="1" type="stmt"/>
        <line num="13" count="1" type="stmt"/>
        <line num="17" count="1" type="stmt"/>
      </file>
    </package>
  </project>
</coverage>
