{"C:\\Users\\2393630\\OneDrive - Cognizant\\Documents\\Flowsource\\projects\\energy-asset-management\\src\\App.jsx": {"path":"C:\\Users\\2393630\\OneDrive - Cognizant\\Documents\\Flowsource\\projects\\energy-asset-management\\src\\App.jsx","statementMap":{"0":{"start":{"line":20,"column":12},"end":{"line":49,"column":1}},"1":{"start":{"line":21,"column":2},"end":{"line":48,"column":3}}},"fnMap":{"0":{"name":"(anonymous_0)","decl":{"start":{"line":20,"column":12},"end":{"line":20,"column":13}},"loc":{"start":{"line":20,"column":18},"end":{"line":49,"column":1}},"line":20}},"branchMap":{},"s":{"0":1,"1":1},"f":{"0":1},"b":{},"_coverageSchema":"1a1c01bbd47fc00a2c39e90264f33305004495a9","hash":"71d7a58747258777ae43de388ae220cfdaceb189"}
,"C:\\Users\\2393630\\OneDrive - Cognizant\\Documents\\Flowsource\\projects\\energy-asset-management\\src\\AuthContext.js": {"path":"C:\\Users\\2393630\\OneDrive - Cognizant\\Documents\\Flowsource\\projects\\energy-asset-management\\src\\AuthContext.js","statementMap":{"0":{"start":{"line":5,"column":20},"end":{"line":5,"column":35}},"1":{"start":{"line":7,"column":28},"end":{"line":25,"column":1}},"2":{"start":{"line":8,"column":40},"end":{"line":8,"column":54}},"3":{"start":{"line":9,"column":32},"end":{"line":9,"column":46}},"4":{"start":{"line":11,"column":2},"end":{"line":18,"column":9}},"5":{"start":{"line":12,"column":24},"end":{"line":15,"column":6}},"6":{"start":{"line":13,"column":6},"end":{"line":13,"column":27}},"7":{"start":{"line":14,"column":6},"end":{"line":14,"column":24}},"8":{"start":{"line":17,"column":4},"end":{"line":17,"column":23}},"9":{"start":{"line":20,"column":2},"end":{"line":24,"column":4}},"10":{"start":{"line":27,"column":23},"end":{"line":27,"column":52}},"11":{"start":{"line":27,"column":29},"end":{"line":27,"column":52}}},"fnMap":{"0":{"name":"(anonymous_0)","decl":{"start":{"line":7,"column":28},"end":{"line":7,"column":29}},"loc":{"start":{"line":7,"column":46},"end":{"line":25,"column":1}},"line":7},"1":{"name":"(anonymous_1)","decl":{"start":{"line":11,"column":12},"end":{"line":11,"column":13}},"loc":{"start":{"line":11,"column":18},"end":{"line":18,"column":3}},"line":11},"2":{"name":"(anonymous_2)","decl":{"start":{"line":12,"column":49},"end":{"line":12,"column":50}},"loc":{"start":{"line":12,"column":59},"end":{"line":15,"column":5}},"line":12},"3":{"name":"(anonymous_3)","decl":{"start":{"line":27,"column":23},"end":{"line":27,"column":24}},"loc":{"start":{"line":27,"column":29},"end":{"line":27,"column":52}},"line":27}},"branchMap":{"0":{"loc":{"start":{"line":22,"column":7},"end":{"line":22,"column":27}},"type":"binary-expr","locations":[{"start":{"line":22,"column":7},"end":{"line":22,"column":15}},{"start":{"line":22,"column":19},"end":{"line":22,"column":27}}],"line":22}},"s":{"0":1,"1":1,"2":4,"3":4,"4":4,"5":2,"6":2,"7":2,"8":2,"9":4,"10":1,"11":2},"f":{"0":4,"1":2,"2":2,"3":2},"b":{"0":[4,2]},"_coverageSchema":"1a1c01bbd47fc00a2c39e90264f33305004495a9","hash":"4cdd988c7a03ddcb271e3d155097a22690bff899"}
,"C:\\Users\\2393630\\OneDrive - Cognizant\\Documents\\Flowsource\\projects\\energy-asset-management\\src\\ScrollToTop.jsx": {"path":"C:\\Users\\2393630\\OneDrive - Cognizant\\Documents\\Flowsource\\projects\\energy-asset-management\\src\\ScrollToTop.jsx","statementMap":{"0":{"start":{"line":5,"column":23},"end":{"line":5,"column":36}},"1":{"start":{"line":7,"column":2},"end":{"line":9,"column":17}},"2":{"start":{"line":8,"column":4},"end":{"line":8,"column":26}},"3":{"start":{"line":11,"column":2},"end":{"line":11,"column":14}}},"fnMap":{"0":{"name":"ScrollToTop","decl":{"start":{"line":4,"column":24},"end":{"line":4,"column":35}},"loc":{"start":{"line":4,"column":38},"end":{"line":12,"column":1}},"line":4},"1":{"name":"(anonymous_1)","decl":{"start":{"line":7,"column":12},"end":{"line":7,"column":13}},"loc":{"start":{"line":7,"column":18},"end":{"line":9,"column":3}},"line":7}},"branchMap":{},"s":{"0":1,"1":1,"2":1,"3":1},"f":{"0":1,"1":1},"b":{},"_coverageSchema":"1a1c01bbd47fc00a2c39e90264f33305004495a9","hash":"43821bc77712768f8dc0559561f0a924734c4259"}
,"C:\\Users\\2393630\\OneDrive - Cognizant\\Documents\\Flowsource\\projects\\energy-asset-management\\src\\firebase.js": {"path":"C:\\Users\\2393630\\OneDrive - Cognizant\\Documents\\Flowsource\\projects\\energy-asset-management\\src\\firebase.js","statementMap":{"0":{"start":{"line":5,"column":23},"end":{"line":13,"column":1}},"1":{"start":{"line":16,"column":12},"end":{"line":16,"column":41}},"2":{"start":{"line":19,"column":20},"end":{"line":19,"column":32}},"3":{"start":{"line":22,"column":24},"end":{"line":22,"column":48}}},"fnMap":{},"branchMap":{},"s":{"0":1,"1":1,"2":1,"3":1},"f":{},"b":{},"_coverageSchema":"1a1c01bbd47fc00a2c39e90264f33305004495a9","hash":"5a0ef7c28fc9a27f2b18cc5c3b18c226aa0f3668"}
,"C:\\Users\\2393630\\OneDrive - Cognizant\\Documents\\Flowsource\\projects\\energy-asset-management\\src\\main.jsx": {"path":"C:\\Users\\2393630\\OneDrive - Cognizant\\Documents\\Flowsource\\projects\\energy-asset-management\\src\\main.jsx","statementMap":{"0":{"start":{"line":10,"column":0},"end":{"line":14,"column":1}}},"fnMap":{},"branchMap":{},"s":{"0":1},"f":{},"b":{},"_coverageSchema":"1a1c01bbd47fc00a2c39e90264f33305004495a9","hash":"74c9fc91dd295e3a1dde8489e530548127591f92"}
,"C:\\Users\\2393630\\OneDrive - Cognizant\\Documents\\Flowsource\\projects\\energy-asset-management\\src\\components\\AboutSection.jsx": {"path":"C:\\Users\\2393630\\OneDrive - Cognizant\\Documents\\Flowsource\\projects\\energy-asset-management\\src\\components\\AboutSection.jsx","statementMap":{"0":{"start":{"line":3,"column":21},"end":{"line":18,"column":1}},"1":{"start":{"line":4,"column":2},"end":{"line":17,"column":4}}},"fnMap":{"0":{"name":"(anonymous_0)","decl":{"start":{"line":3,"column":21},"end":{"line":3,"column":22}},"loc":{"start":{"line":3,"column":27},"end":{"line":18,"column":1}},"line":3}},"branchMap":{},"s":{"0":1,"1":1},"f":{"0":1},"b":{},"_coverageSchema":"1a1c01bbd47fc00a2c39e90264f33305004495a9","hash":"2fd0e4900a7f6839b5a7ebeaddde0d60e583b6ad"}
,"C:\\Users\\2393630\\OneDrive - Cognizant\\Documents\\Flowsource\\projects\\energy-asset-management\\src\\components\\ContactForm.jsx": {"path":"C:\\Users\\2393630\\OneDrive - Cognizant\\Documents\\Flowsource\\projects\\energy-asset-management\\src\\components\\ContactForm.jsx","statementMap":{"0":{"start":{"line":3,"column":20},"end":{"line":17,"column":1}},"1":{"start":{"line":4,"column":2},"end":{"line":16,"column":4}}},"fnMap":{"0":{"name":"(anonymous_0)","decl":{"start":{"line":3,"column":20},"end":{"line":3,"column":21}},"loc":{"start":{"line":3,"column":26},"end":{"line":17,"column":1}},"line":3}},"branchMap":{},"s":{"0":1,"1":1},"f":{"0":1},"b":{},"_coverageSchema":"1a1c01bbd47fc00a2c39e90264f33305004495a9","hash":"0c4f69e193c4da013d5c6a7fb03e69924c1c75a4"}
,"C:\\Users\\2393630\\OneDrive - Cognizant\\Documents\\Flowsource\\projects\\energy-asset-management\\src\\components\\Footer.jsx": {"path":"C:\\Users\\2393630\\OneDrive - Cognizant\\Documents\\Flowsource\\projects\\energy-asset-management\\src\\components\\Footer.jsx","statementMap":{"0":{"start":{"line":3,"column":15},"end":{"line":64,"column":1}},"1":{"start":{"line":4,"column":2},"end":{"line":63,"column":4}}},"fnMap":{"0":{"name":"(anonymous_0)","decl":{"start":{"line":3,"column":15},"end":{"line":3,"column":16}},"loc":{"start":{"line":3,"column":21},"end":{"line":64,"column":1}},"line":3}},"branchMap":{},"s":{"0":1,"1":1},"f":{"0":1},"b":{},"_coverageSchema":"1a1c01bbd47fc00a2c39e90264f33305004495a9","hash":"c5e97e88a3204e2b98d2fb8837800b1f553b1194"}
,"C:\\Users\\2393630\\OneDrive - Cognizant\\Documents\\Flowsource\\projects\\energy-asset-management\\src\\components\\HeroSection.jsx": {"path":"C:\\Users\\2393630\\OneDrive - Cognizant\\Documents\\Flowsource\\projects\\energy-asset-management\\src\\components\\HeroSection.jsx","statementMap":{"0":{"start":{"line":4,"column":20},"end":{"line":46,"column":1}},"1":{"start":{"line":5,"column":2},"end":{"line":45,"column":4}}},"fnMap":{"0":{"name":"(anonymous_0)","decl":{"start":{"line":4,"column":20},"end":{"line":4,"column":21}},"loc":{"start":{"line":4,"column":26},"end":{"line":46,"column":1}},"line":4}},"branchMap":{},"s":{"0":1,"1":3},"f":{"0":3},"b":{},"_coverageSchema":"1a1c01bbd47fc00a2c39e90264f33305004495a9","hash":"89594eba3207fb09e3e3f51d665a2fd4eae91e5d"}
,"C:\\Users\\2393630\\OneDrive - Cognizant\\Documents\\Flowsource\\projects\\energy-asset-management\\src\\components\\Navbar.jsx": {"path":"C:\\Users\\2393630\\OneDrive - Cognizant\\Documents\\Flowsource\\projects\\energy-asset-management\\src\\components\\Navbar.jsx","statementMap":{"0":{"start":{"line":6,"column":15},"end":{"line":82,"column":1}},"1":{"start":{"line":7,"column":19},"end":{"line":7,"column":32}},"2":{"start":{"line":8,"column":19},"end":{"line":8,"column":32}},"3":{"start":{"line":10,"column":21},"end":{"line":10,"column":65}},"4":{"start":{"line":12,"column":19},"end":{"line":12,"column":55}},"5":{"start":{"line":12,"column":29},"end":{"line":12,"column":55}},"6":{"start":{"line":14,"column":24},"end":{"line":21,"column":3}},"7":{"start":{"line":15,"column":4},"end":{"line":15,"column":23}},"8":{"start":{"line":16,"column":4},"end":{"line":20,"column":5}},"9":{"start":{"line":17,"column":6},"end":{"line":17,"column":31}},"10":{"start":{"line":19,"column":6},"end":{"line":19,"column":25}},"11":{"start":{"line":23,"column":23},"end":{"line":26,"column":3}},"12":{"start":{"line":24,"column":4},"end":{"line":24,"column":43}},"13":{"start":{"line":25,"column":4},"end":{"line":25,"column":23}},"14":{"start":{"line":28,"column":2},"end":{"line":81,"column":4}}},"fnMap":{"0":{"name":"(anonymous_0)","decl":{"start":{"line":6,"column":15},"end":{"line":6,"column":16}},"loc":{"start":{"line":6,"column":21},"end":{"line":82,"column":1}},"line":6},"1":{"name":"(anonymous_1)","decl":{"start":{"line":12,"column":19},"end":{"line":12,"column":20}},"loc":{"start":{"line":12,"column":29},"end":{"line":12,"column":55}},"line":12},"2":{"name":"(anonymous_2)","decl":{"start":{"line":14,"column":24},"end":{"line":14,"column":25}},"loc":{"start":{"line":14,"column":31},"end":{"line":21,"column":3}},"line":14},"3":{"name":"(anonymous_3)","decl":{"start":{"line":23,"column":23},"end":{"line":23,"column":24}},"loc":{"start":{"line":23,"column":29},"end":{"line":26,"column":3}},"line":23}},"branchMap":{"0":{"loc":{"start":{"line":16,"column":4},"end":{"line":20,"column":5}},"type":"if","locations":[{"start":{"line":16,"column":4},"end":{"line":20,"column":5}},{"start":{"line":18,"column":11},"end":{"line":20,"column":5}}],"line":16},"1":{"loc":{"start":{"line":45,"column":43},"end":{"line":45,"column":81}},"type":"cond-expr","locations":[{"start":{"line":45,"column":63},"end":{"line":45,"column":76}},{"start":{"line":45,"column":79},"end":{"line":45,"column":81}}],"line":45},"2":{"loc":{"start":{"line":49,"column":43},"end":{"line":49,"column":82}},"type":"cond-expr","locations":[{"start":{"line":49,"column":64},"end":{"line":49,"column":77}},{"start":{"line":49,"column":80},"end":{"line":49,"column":82}}],"line":49},"3":{"loc":{"start":{"line":54,"column":49},"end":{"line":54,"column":94}},"type":"cond-expr","locations":[{"start":{"line":54,"column":76},"end":{"line":54,"column":89}},{"start":{"line":54,"column":92},"end":{"line":54,"column":94}}],"line":54},"4":{"loc":{"start":{"line":60,"column":43},"end":{"line":60,"column":84}},"type":"cond-expr","locations":[{"start":{"line":60,"column":66},"end":{"line":60,"column":79}},{"start":{"line":60,"column":82},"end":{"line":60,"column":84}}],"line":60},"5":{"loc":{"start":{"line":63,"column":13},"end":{"line":67,"column":13}},"type":"binary-expr","locations":[{"start":{"line":63,"column":13},"end":{"line":63,"column":24}},{"start":{"line":64,"column":14},"end":{"line":66,"column":19}}],"line":63},"6":{"loc":{"start":{"line":65,"column":45},"end":{"line":65,"column":84}},"type":"cond-expr","locations":[{"start":{"line":65,"column":66},"end":{"line":65,"column":79}},{"start":{"line":65,"column":82},"end":{"line":65,"column":84}}],"line":65},"7":{"loc":{"start":{"line":69,"column":13},"end":{"line":75,"column":13}},"type":"binary-expr","locations":[{"start":{"line":69,"column":13},"end":{"line":69,"column":23}},{"start":{"line":70,"column":14},"end":{"line":74,"column":19}}],"line":69}},"s":{"0":1,"1":5,"2":5,"3":5,"4":5,"5":22,"6":5,"7":2,"8":2,"9":1,"10":1,"11":5,"12":1,"13":1,"14":5},"f":{"0":5,"1":22,"2":2,"3":1},"b":{"0":[1,1],"1":[0,5],"2":[0,5],"3":[0,5],"4":[0,5],"5":[5,2],"6":[0,2],"7":[5,3]},"_coverageSchema":"1a1c01bbd47fc00a2c39e90264f33305004495a9","hash":"10f8524a3275d9f55b902adb291850a45a571494"}
,"C:\\Users\\2393630\\OneDrive - Cognizant\\Documents\\Flowsource\\projects\\energy-asset-management\\src\\components\\ProtectedRoute.jsx": {"path":"C:\\Users\\2393630\\OneDrive - Cognizant\\Documents\\Flowsource\\projects\\energy-asset-management\\src\\components\\ProtectedRoute.jsx","statementMap":{"0":{"start":{"line":3,"column":23},"end":{"line":12,"column":1}},"1":{"start":{"line":4,"column":19},"end":{"line":4,"column":63}},"2":{"start":{"line":5,"column":19},"end":{"line":5,"column":32}},"3":{"start":{"line":7,"column":2},"end":{"line":9,"column":3}},"4":{"start":{"line":8,"column":4},"end":{"line":8,"column":80}},"5":{"start":{"line":11,"column":2},"end":{"line":11,"column":18}}},"fnMap":{"0":{"name":"(anonymous_0)","decl":{"start":{"line":3,"column":23},"end":{"line":3,"column":24}},"loc":{"start":{"line":3,"column":41},"end":{"line":12,"column":1}},"line":3}},"branchMap":{"0":{"loc":{"start":{"line":7,"column":2},"end":{"line":9,"column":3}},"type":"if","locations":[{"start":{"line":7,"column":2},"end":{"line":9,"column":3}},{"start":{},"end":{}}],"line":7}},"s":{"0":1,"1":2,"2":2,"3":2,"4":1,"5":1},"f":{"0":2},"b":{"0":[1,1]},"_coverageSchema":"1a1c01bbd47fc00a2c39e90264f33305004495a9","hash":"eae96fb3d03dc1dec7dba2fdd6a21e4fbd495716"}
,"C:\\Users\\2393630\\OneDrive - Cognizant\\Documents\\Flowsource\\projects\\energy-asset-management\\src\\components\\ServiceCard.jsx": {"path":"C:\\Users\\2393630\\OneDrive - Cognizant\\Documents\\Flowsource\\projects\\energy-asset-management\\src\\components\\ServiceCard.jsx","statementMap":{"0":{"start":{"line":4,"column":20},"end":{"line":30,"column":1}},"1":{"start":{"line":5,"column":22},"end":{"line":17,"column":3}},"2":{"start":{"line":6,"column":4},"end":{"line":16,"column":10}},"3":{"start":{"line":19,"column":2},"end":{"line":29,"column":4}}},"fnMap":{"0":{"name":"(anonymous_0)","decl":{"start":{"line":4,"column":20},"end":{"line":4,"column":21}},"loc":{"start":{"line":4,"column":53},"end":{"line":30,"column":1}},"line":4},"1":{"name":"(anonymous_1)","decl":{"start":{"line":5,"column":22},"end":{"line":5,"column":23}},"loc":{"start":{"line":6,"column":4},"end":{"line":16,"column":10}},"line":6}},"branchMap":{"0":{"loc":{"start":{"line":8,"column":9},"end":{"line":12,"column":9}},"type":"binary-expr","locations":[{"start":{"line":8,"column":9},"end":{"line":8,"column":13}},{"start":{"line":9,"column":10},"end":{"line":11,"column":16}}],"line":8},"1":{"loc":{"start":{"line":21,"column":7},"end":{"line":27,"column":7}},"type":"cond-expr","locations":[{"start":{"line":22,"column":8},"end":{"line":24,"column":15}},{"start":{"line":26,"column":8},"end":{"line":26,"column":23}}],"line":21}},"s":{"0":1,"1":2,"2":2,"3":2},"f":{"0":2,"1":2},"b":{"0":[2,2],"1":[1,1]},"_coverageSchema":"1a1c01bbd47fc00a2c39e90264f33305004495a9","hash":"f2cc661d649d616da97a95438c735b57914937c9"}
,"C:\\Users\\2393630\\OneDrive - Cognizant\\Documents\\Flowsource\\projects\\energy-asset-management\\src\\pages\\About.jsx": {"path":"C:\\Users\\2393630\\OneDrive - Cognizant\\Documents\\Flowsource\\projects\\energy-asset-management\\src\\pages\\About.jsx","statementMap":{"0":{"start":{"line":8,"column":14},"end":{"line":252,"column":1}},"1":{"start":{"line":9,"column":2},"end":{"line":20,"column":9}},"2":{"start":{"line":10,"column":21},"end":{"line":10,"column":62}},"3":{"start":{"line":11,"column":21},"end":{"line":18,"column":5}},"4":{"start":{"line":13,"column":8},"end":{"line":15,"column":11}},"5":{"start":{"line":14,"column":10},"end":{"line":14,"column":74}},"6":{"start":{"line":14,"column":36},"end":{"line":14,"column":74}},"7":{"start":{"line":19,"column":4},"end":{"line":19,"column":51}},"8":{"start":{"line":19,"column":29},"end":{"line":19,"column":49}},"9":{"start":{"line":22,"column":2},"end":{"line":251,"column":4}},"10":{"start":{"line":193,"column":12},"end":{"line":205,"column":18}},"11":{"start":{"line":222,"column":12},"end":{"line":245,"column":18}}},"fnMap":{"0":{"name":"(anonymous_0)","decl":{"start":{"line":8,"column":14},"end":{"line":8,"column":15}},"loc":{"start":{"line":8,"column":20},"end":{"line":252,"column":1}},"line":8},"1":{"name":"(anonymous_1)","decl":{"start":{"line":9,"column":12},"end":{"line":9,"column":13}},"loc":{"start":{"line":9,"column":18},"end":{"line":20,"column":3}},"line":9},"2":{"name":"(anonymous_2)","decl":{"start":{"line":12,"column":6},"end":{"line":12,"column":7}},"loc":{"start":{"line":12,"column":19},"end":{"line":16,"column":7}},"line":12},"3":{"name":"(anonymous_3)","decl":{"start":{"line":13,"column":24},"end":{"line":13,"column":25}},"loc":{"start":{"line":13,"column":35},"end":{"line":15,"column":9}},"line":13},"4":{"name":"(anonymous_4)","decl":{"start":{"line":19,"column":21},"end":{"line":19,"column":22}},"loc":{"start":{"line":19,"column":29},"end":{"line":19,"column":49}},"line":19},"5":{"name":"(anonymous_5)","decl":{"start":{"line":192,"column":16},"end":{"line":192,"column":17}},"loc":{"start":{"line":193,"column":12},"end":{"line":205,"column":18}},"line":193},"6":{"name":"(anonymous_6)","decl":{"start":{"line":221,"column":16},"end":{"line":221,"column":17}},"loc":{"start":{"line":222,"column":12},"end":{"line":245,"column":18}},"line":222}},"branchMap":{"0":{"loc":{"start":{"line":14,"column":10},"end":{"line":14,"column":74}},"type":"if","locations":[{"start":{"line":14,"column":10},"end":{"line":14,"column":74}},{"start":{},"end":{}}],"line":14}},"s":{"0":1,"1":6,"2":6,"3":6,"4":0,"5":0,"6":0,"7":6,"8":54,"9":6,"10":24,"11":18},"f":{"0":6,"1":6,"2":0,"3":0,"4":54,"5":24,"6":18},"b":{"0":[0,0]},"_coverageSchema":"1a1c01bbd47fc00a2c39e90264f33305004495a9","hash":"f8f787a87ab7232228ba2c3b9804f50645fe774b"}
,"C:\\Users\\2393630\\OneDrive - Cognizant\\Documents\\Flowsource\\projects\\energy-asset-management\\src\\pages\\Contact.jsx": {"path":"C:\\Users\\2393630\\OneDrive - Cognizant\\Documents\\Flowsource\\projects\\energy-asset-management\\src\\pages\\Contact.jsx","statementMap":{"0":{"start":{"line":15,"column":0},"end":{"line":15,"column":44}},"1":{"start":{"line":16,"column":0},"end":{"line":20,"column":3}},"2":{"start":{"line":23,"column":23},"end":{"line":23,"column":45}},"3":{"start":{"line":25,"column":16},"end":{"line":228,"column":1}},"4":{"start":{"line":26,"column":34},"end":{"line":26,"column":80}},"5":{"start":{"line":27,"column":28},"end":{"line":27,"column":42}},"6":{"start":{"line":29,"column":23},"end":{"line":30,"column":65}},"7":{"start":{"line":30,"column":4},"end":{"line":30,"column":65}},"8":{"start":{"line":32,"column":23},"end":{"line":59,"column":3}},"9":{"start":{"line":33,"column":4},"end":{"line":33,"column":23}},"10":{"start":{"line":35,"column":4},"end":{"line":58,"column":7}},"11":{"start":{"line":42,"column":6},"end":{"line":45,"column":9}},"12":{"start":{"line":47,"column":6},"end":{"line":47,"column":23}},"13":{"start":{"line":49,"column":6},"end":{"line":49,"column":45}},"14":{"start":{"line":49,"column":23},"end":{"line":49,"column":37}},"15":{"start":{"line":52,"column":6},"end":{"line":55,"column":9}},"16":{"start":{"line":57,"column":6},"end":{"line":57,"column":45}},"17":{"start":{"line":57,"column":23},"end":{"line":57,"column":37}},"18":{"start":{"line":61,"column":2},"end":{"line":227,"column":4}}},"fnMap":{"0":{"name":"(anonymous_0)","decl":{"start":{"line":25,"column":16},"end":{"line":25,"column":17}},"loc":{"start":{"line":25,"column":22},"end":{"line":228,"column":1}},"line":25},"1":{"name":"(anonymous_1)","decl":{"start":{"line":29,"column":23},"end":{"line":29,"column":24}},"loc":{"start":{"line":30,"column":4},"end":{"line":30,"column":65}},"line":30},"2":{"name":"(anonymous_2)","decl":{"start":{"line":32,"column":23},"end":{"line":32,"column":24}},"loc":{"start":{"line":32,"column":30},"end":{"line":59,"column":3}},"line":32},"3":{"name":"(anonymous_3)","decl":{"start":{"line":41,"column":10},"end":{"line":41,"column":11}},"loc":{"start":{"line":41,"column":16},"end":{"line":50,"column":5}},"line":41},"4":{"name":"(anonymous_4)","decl":{"start":{"line":49,"column":17},"end":{"line":49,"column":18}},"loc":{"start":{"line":49,"column":23},"end":{"line":49,"column":37}},"line":49},"5":{"name":"(anonymous_5)","decl":{"start":{"line":51,"column":11},"end":{"line":51,"column":12}},"loc":{"start":{"line":51,"column":17},"end":{"line":58,"column":5}},"line":51},"6":{"name":"(anonymous_6)","decl":{"start":{"line":57,"column":17},"end":{"line":57,"column":18}},"loc":{"start":{"line":57,"column":23},"end":{"line":57,"column":37}},"line":57}},"branchMap":{"0":{"loc":{"start":{"line":119,"column":3},"end":{"line":125,"column":3}},"type":"binary-expr","locations":[{"start":{"line":119,"column":3},"end":{"line":119,"column":8}},{"start":{"line":120,"column":4},"end":{"line":124,"column":10}}],"line":119}},"s":{"0":1,"1":1,"2":1,"3":1,"4":11,"5":11,"6":11,"7":6,"8":11,"9":2,"10":2,"11":1,"12":1,"13":1,"14":0,"15":1,"16":1,"17":0,"18":11},"f":{"0":11,"1":6,"2":2,"3":1,"4":0,"5":1,"6":0},"b":{"0":[11,2]},"_coverageSchema":"1a1c01bbd47fc00a2c39e90264f33305004495a9","hash":"c168df7423194b831e1291a04d0b85726a9f8e53"}
,"C:\\Users\\2393630\\OneDrive - Cognizant\\Documents\\Flowsource\\projects\\energy-asset-management\\src\\pages\\DataScience.jsx": {"path":"C:\\Users\\2393630\\OneDrive - Cognizant\\Documents\\Flowsource\\projects\\energy-asset-management\\src\\pages\\DataScience.jsx","statementMap":{"0":{"start":{"line":5,"column":20},"end":{"line":388,"column":1}},"1":{"start":{"line":6,"column":26},"end":{"line":6,"column":37}},"2":{"start":{"line":8,"column":36},"end":{"line":8,"column":50}},"3":{"start":{"line":9,"column":38},"end":{"line":9,"column":52}},"4":{"start":{"line":10,"column":32},"end":{"line":10,"column":47}},"5":{"start":{"line":12,"column":34},"end":{"line":12,"column":50}},"6":{"start":{"line":13,"column":34},"end":{"line":13,"column":45}},"7":{"start":{"line":14,"column":34},"end":{"line":14,"column":45}},"8":{"start":{"line":15,"column":34},"end":{"line":15,"column":60}},"9":{"start":{"line":18,"column":22},"end":{"line":18,"column":73}},"10":{"start":{"line":20,"column":20},"end":{"line":25,"column":3}},"11":{"start":{"line":27,"column":20},"end":{"line":34,"column":3}},"12":{"start":{"line":36,"column":24},"end":{"line":59,"column":3}},"13":{"start":{"line":37,"column":4},"end":{"line":58,"column":10}},"14":{"start":{"line":39,"column":8},"end":{"line":56,"column":14}},"15":{"start":{"line":41,"column":25},"end":{"line":41,"column":35}},"16":{"start":{"line":62,"column":18},"end":{"line":99,"column":3}},"17":{"start":{"line":63,"column":4},"end":{"line":66,"column":5}},"18":{"start":{"line":64,"column":6},"end":{"line":64,"column":45}},"19":{"start":{"line":65,"column":6},"end":{"line":65,"column":13}},"20":{"start":{"line":68,"column":4},"end":{"line":68,"column":21}},"21":{"start":{"line":70,"column":21},"end":{"line":70,"column":35}},"22":{"start":{"line":71,"column":4},"end":{"line":71,"column":44}},"23":{"start":{"line":72,"column":4},"end":{"line":72,"column":42}},"24":{"start":{"line":73,"column":4},"end":{"line":73,"column":42}},"25":{"start":{"line":74,"column":4},"end":{"line":74,"column":42}},"26":{"start":{"line":76,"column":4},"end":{"line":96,"column":5}},"27":{"start":{"line":77,"column":23},"end":{"line":80,"column":8}},"28":{"start":{"line":82,"column":6},"end":{"line":88,"column":7}},"29":{"start":{"line":83,"column":21},"end":{"line":83,"column":42}},"30":{"start":{"line":84,"column":8},"end":{"line":84,"column":45}},"31":{"start":{"line":85,"column":8},"end":{"line":85,"column":69}},"32":{"start":{"line":86,"column":8},"end":{"line":86,"column":26}},"33":{"start":{"line":87,"column":8},"end":{"line":87,"column":15}},"34":{"start":{"line":90,"column":19},"end":{"line":90,"column":40}},"35":{"start":{"line":91,"column":6},"end":{"line":91,"column":26}},"36":{"start":{"line":92,"column":6},"end":{"line":92,"column":17}},"37":{"start":{"line":94,"column":6},"end":{"line":94,"column":41}},"38":{"start":{"line":95,"column":6},"end":{"line":95,"column":45}},"39":{"start":{"line":98,"column":4},"end":{"line":98,"column":22}},"40":{"start":{"line":102,"column":16},"end":{"line":122,"column":3}},"41":{"start":{"line":103,"column":4},"end":{"line":121,"column":10}},"42":{"start":{"line":116,"column":25},"end":{"line":116,"column":35}},"43":{"start":{"line":125,"column":16},"end":{"line":233,"column":3}},"44":{"start":{"line":126,"column":29},"end":{"line":135,"column":5}},"45":{"start":{"line":128,"column":8},"end":{"line":132,"column":14}},"46":{"start":{"line":137,"column":29},"end":{"line":141,"column":10}},"47":{"start":{"line":138,"column":19},"end":{"line":138,"column":36}},"48":{"start":{"line":139,"column":6},"end":{"line":139,"column":25}},"49":{"start":{"line":140,"column":6},"end":{"line":140,"column":55}},"50":{"start":{"line":143,"column":4},"end":{"line":232,"column":6}},"51":{"start":{"line":158,"column":33},"end":{"line":158,"column":60}},"52":{"start":{"line":174,"column":33},"end":{"line":174,"column":60}},"53":{"start":{"line":184,"column":33},"end":{"line":184,"column":60}},"54":{"start":{"line":214,"column":33},"end":{"line":214,"column":43}},"55":{"start":{"line":236,"column":16},"end":{"line":381,"column":3}},"56":{"start":{"line":237,"column":4},"end":{"line":237,"column":33}},"57":{"start":{"line":237,"column":21},"end":{"line":237,"column":33}},"58":{"start":{"line":239,"column":22},"end":{"line":239,"column":41}},"59":{"start":{"line":240,"column":22},"end":{"line":240,"column":61}},"60":{"start":{"line":241,"column":24},"end":{"line":241,"column":45}},"61":{"start":{"line":243,"column":20},"end":{"line":246,"column":5}},"62":{"start":{"line":248,"column":19},"end":{"line":248,"column":41}},"63":{"start":{"line":250,"column":4},"end":{"line":380,"column":6}},"64":{"start":{"line":278,"column":18},"end":{"line":278,"column":59}},"65":{"start":{"line":288,"column":12},"end":{"line":357,"column":18}},"66":{"start":{"line":300,"column":24},"end":{"line":310,"column":30}},"67":{"start":{"line":328,"column":24},"end":{"line":338,"column":30}},"68":{"start":{"line":373,"column":29},"end":{"line":373,"column":39}},"69":{"start":{"line":383,"column":2},"end":{"line":387,"column":4}}},"fnMap":{"0":{"name":"(anonymous_0)","decl":{"start":{"line":5,"column":20},"end":{"line":5,"column":21}},"loc":{"start":{"line":5,"column":26},"end":{"line":388,"column":1}},"line":5},"1":{"name":"(anonymous_1)","decl":{"start":{"line":36,"column":24},"end":{"line":36,"column":25}},"loc":{"start":{"line":37,"column":4},"end":{"line":58,"column":10}},"line":37},"2":{"name":"(anonymous_2)","decl":{"start":{"line":38,"column":21},"end":{"line":38,"column":22}},"loc":{"start":{"line":39,"column":8},"end":{"line":56,"column":14}},"line":39},"3":{"name":"(anonymous_3)","decl":{"start":{"line":41,"column":19},"end":{"line":41,"column":20}},"loc":{"start":{"line":41,"column":25},"end":{"line":41,"column":35}},"line":41},"4":{"name":"(anonymous_4)","decl":{"start":{"line":62,"column":18},"end":{"line":62,"column":19}},"loc":{"start":{"line":62,"column":30},"end":{"line":99,"column":3}},"line":62},"5":{"name":"(anonymous_5)","decl":{"start":{"line":102,"column":16},"end":{"line":102,"column":17}},"loc":{"start":{"line":103,"column":4},"end":{"line":121,"column":10}},"line":103},"6":{"name":"(anonymous_6)","decl":{"start":{"line":116,"column":19},"end":{"line":116,"column":20}},"loc":{"start":{"line":116,"column":25},"end":{"line":116,"column":35}},"line":116},"7":{"name":"(anonymous_7)","decl":{"start":{"line":125,"column":16},"end":{"line":125,"column":17}},"loc":{"start":{"line":125,"column":22},"end":{"line":233,"column":3}},"line":125},"8":{"name":"(anonymous_8)","decl":{"start":{"line":127,"column":6},"end":{"line":127,"column":7}},"loc":{"start":{"line":128,"column":8},"end":{"line":132,"column":14}},"line":128},"9":{"name":"(anonymous_9)","decl":{"start":{"line":137,"column":41},"end":{"line":137,"column":42}},"loc":{"start":{"line":137,"column":48},"end":{"line":141,"column":5}},"line":137},"10":{"name":"(anonymous_10)","decl":{"start":{"line":158,"column":26},"end":{"line":158,"column":27}},"loc":{"start":{"line":158,"column":33},"end":{"line":158,"column":60}},"line":158},"11":{"name":"(anonymous_11)","decl":{"start":{"line":174,"column":26},"end":{"line":174,"column":27}},"loc":{"start":{"line":174,"column":33},"end":{"line":174,"column":60}},"line":174},"12":{"name":"(anonymous_12)","decl":{"start":{"line":184,"column":26},"end":{"line":184,"column":27}},"loc":{"start":{"line":184,"column":33},"end":{"line":184,"column":60}},"line":184},"13":{"name":"(anonymous_13)","decl":{"start":{"line":214,"column":27},"end":{"line":214,"column":28}},"loc":{"start":{"line":214,"column":33},"end":{"line":214,"column":43}},"line":214},"14":{"name":"(anonymous_14)","decl":{"start":{"line":236,"column":16},"end":{"line":236,"column":17}},"loc":{"start":{"line":236,"column":22},"end":{"line":381,"column":3}},"line":236},"15":{"name":"(anonymous_15)","decl":{"start":{"line":277,"column":29},"end":{"line":277,"column":30}},"loc":{"start":{"line":278,"column":18},"end":{"line":278,"column":59}},"line":278},"16":{"name":"(anonymous_16)","decl":{"start":{"line":287,"column":41},"end":{"line":287,"column":42}},"loc":{"start":{"line":288,"column":12},"end":{"line":357,"column":18}},"line":288},"17":{"name":"(anonymous_17)","decl":{"start":{"line":299,"column":44},"end":{"line":299,"column":45}},"loc":{"start":{"line":300,"column":24},"end":{"line":310,"column":30}},"line":300},"18":{"name":"(anonymous_18)","decl":{"start":{"line":327,"column":45},"end":{"line":327,"column":46}},"loc":{"start":{"line":328,"column":24},"end":{"line":338,"column":30}},"line":328},"19":{"name":"(anonymous_19)","decl":{"start":{"line":373,"column":23},"end":{"line":373,"column":24}},"loc":{"start":{"line":373,"column":29},"end":{"line":373,"column":39}},"line":373}},"branchMap":{"0":{"loc":{"start":{"line":48,"column":19},"end":{"line":48,"column":51}},"type":"cond-expr","locations":[{"start":{"line":48,"column":32},"end":{"line":48,"column":41}},{"start":{"line":48,"column":44},"end":{"line":48,"column":51}}],"line":48},"1":{"loc":{"start":{"line":49,"column":24},"end":{"line":49,"column":60}},"type":"cond-expr","locations":[{"start":{"line":49,"column":37},"end":{"line":49,"column":44}},{"start":{"line":49,"column":47},"end":{"line":49,"column":60}}],"line":49},"2":{"loc":{"start":{"line":63,"column":4},"end":{"line":66,"column":5}},"type":"if","locations":[{"start":{"line":63,"column":4},"end":{"line":66,"column":5}},{"start":{},"end":{}}],"line":63},"3":{"loc":{"start":{"line":82,"column":6},"end":{"line":88,"column":7}},"type":"if","locations":[{"start":{"line":82,"column":6},"end":{"line":88,"column":7}},{"start":{},"end":{}}],"line":82},"4":{"loc":{"start":{"line":140,"column":18},"end":{"line":140,"column":53}},"type":"cond-expr","locations":[{"start":{"line":140,"column":25},"end":{"line":140,"column":34}},{"start":{"line":140,"column":37},"end":{"line":140,"column":53}}],"line":140},"5":{"loc":{"start":{"line":222,"column":19},"end":{"line":222,"column":58}},"type":"cond-expr","locations":[{"start":{"line":222,"column":29},"end":{"line":222,"column":44}},{"start":{"line":222,"column":47},"end":{"line":222,"column":58}}],"line":222},"6":{"loc":{"start":{"line":237,"column":4},"end":{"line":237,"column":33}},"type":"if","locations":[{"start":{"line":237,"column":4},"end":{"line":237,"column":33}},{"start":{},"end":{}}],"line":237},"7":{"loc":{"start":{"line":298,"column":21},"end":{"line":314,"column":21}},"type":"cond-expr","locations":[{"start":{"line":299,"column":22},"end":{"line":311,"column":24}},{"start":{"line":313,"column":22},"end":{"line":313,"column":84}}],"line":298},"8":{"loc":{"start":{"line":326,"column":21},"end":{"line":342,"column":21}},"type":"cond-expr","locations":[{"start":{"line":327,"column":22},"end":{"line":339,"column":24}},{"start":{"line":341,"column":22},"end":{"line":341,"column":87}}],"line":326},"9":{"loc":{"start":{"line":385,"column":7},"end":{"line":385,"column":66}},"type":"cond-expr","locations":[{"start":{"line":385,"column":20},"end":{"line":385,"column":29}},{"start":{"line":385,"column":32},"end":{"line":385,"column":66}}],"line":385},"10":{"loc":{"start":{"line":385,"column":32},"end":{"line":385,"column":66}},"type":"cond-expr","locations":[{"start":{"line":385,"column":45},"end":{"line":385,"column":54}},{"start":{"line":385,"column":57},"end":{"line":385,"column":66}}],"line":385}},"s":{"0":1,"1":16,"2":16,"3":16,"4":16,"5":16,"6":16,"7":16,"8":16,"9":16,"10":16,"11":16,"12":16,"13":11,"14":33,"15":0,"16":16,"17":2,"18":0,"19":0,"20":2,"21":2,"22":2,"23":2,"24":2,"25":2,"26":2,"27":2,"28":2,"29":1,"30":1,"31":1,"32":1,"33":1,"34":1,"35":1,"36":1,"37":0,"38":0,"39":1,"40":16,"41":5,"42":4,"43":16,"44":10,"45":10,"46":10,"47":2,"48":2,"49":2,"50":10,"51":0,"52":1,"53":0,"54":0,"55":16,"56":1,"57":0,"58":1,"59":1,"60":1,"61":1,"62":1,"63":1,"64":2,"65":1,"66":0,"67":0,"68":0,"69":16},"f":{"0":16,"1":11,"2":33,"3":0,"4":2,"5":5,"6":4,"7":10,"8":10,"9":2,"10":0,"11":1,"12":0,"13":0,"14":1,"15":2,"16":1,"17":0,"18":0,"19":0},"b":{"0":[11,22],"1":[11,22],"2":[0,2],"3":[1,1],"4":[2,0],"5":[2,8],"6":[0,1],"7":[0,1],"8":[0,1],"9":[5,11],"10":[10,1]},"_coverageSchema":"1a1c01bbd47fc00a2c39e90264f33305004495a9","hash":"564c5ebfc03ae5f4a48ec22b5d06e053209dc3dd"}
,"C:\\Users\\2393630\\OneDrive - Cognizant\\Documents\\Flowsource\\projects\\energy-asset-management\\src\\pages\\DetailsPage.jsx": {"path":"C:\\Users\\2393630\\OneDrive - Cognizant\\Documents\\Flowsource\\projects\\energy-asset-management\\src\\pages\\DetailsPage.jsx","statementMap":{"0":{"start":{"line":12,"column":20},"end":{"line":223,"column":1}},"1":{"start":{"line":13,"column":19},"end":{"line":13,"column":32}},"2":{"start":{"line":14,"column":17},"end":{"line":14,"column":39}},"3":{"start":{"line":15,"column":19},"end":{"line":15,"column":50}},"4":{"start":{"line":17,"column":40},"end":{"line":17,"column":55}},"5":{"start":{"line":19,"column":2},"end":{"line":21,"column":9}},"6":{"start":{"line":20,"column":4},"end":{"line":20,"column":48}},"7":{"start":{"line":20,"column":21},"end":{"line":20,"column":41}},"8":{"start":{"line":23,"column":2},"end":{"line":32,"column":3}},"9":{"start":{"line":24,"column":4},"end":{"line":31,"column":6}},"10":{"start":{"line":34,"column":2},"end":{"line":222,"column":4}},"11":{"start":{"line":186,"column":16},"end":{"line":186,"column":42}},"12":{"start":{"line":197,"column":16},"end":{"line":197,"column":42}},"13":{"start":{"line":208,"column":16},"end":{"line":208,"column":41}}},"fnMap":{"0":{"name":"(anonymous_0)","decl":{"start":{"line":12,"column":20},"end":{"line":12,"column":21}},"loc":{"start":{"line":12,"column":26},"end":{"line":223,"column":1}},"line":12},"1":{"name":"(anonymous_1)","decl":{"start":{"line":19,"column":12},"end":{"line":19,"column":13}},"loc":{"start":{"line":19,"column":18},"end":{"line":21,"column":3}},"line":19},"2":{"name":"(anonymous_2)","decl":{"start":{"line":20,"column":15},"end":{"line":20,"column":16}},"loc":{"start":{"line":20,"column":21},"end":{"line":20,"column":41}},"line":20},"3":{"name":"(anonymous_3)","decl":{"start":{"line":185,"column":38},"end":{"line":185,"column":39}},"loc":{"start":{"line":186,"column":16},"end":{"line":186,"column":42}},"line":186},"4":{"name":"(anonymous_4)","decl":{"start":{"line":196,"column":41},"end":{"line":196,"column":42}},"loc":{"start":{"line":197,"column":16},"end":{"line":197,"column":42}},"line":197},"5":{"name":"(anonymous_5)","decl":{"start":{"line":207,"column":36},"end":{"line":207,"column":37}},"loc":{"start":{"line":208,"column":16},"end":{"line":208,"column":41}},"line":208}},"branchMap":{"0":{"loc":{"start":{"line":15,"column":19},"end":{"line":15,"column":50}},"type":"binary-expr","locations":[{"start":{"line":15,"column":19},"end":{"line":15,"column":43}},{"start":{"line":15,"column":47},"end":{"line":15,"column":50}}],"line":15},"1":{"loc":{"start":{"line":23,"column":2},"end":{"line":32,"column":3}},"type":"if","locations":[{"start":{"line":23,"column":2},"end":{"line":32,"column":3}},{"start":{},"end":{}}],"line":23},"2":{"loc":{"start":{"line":99,"column":25},"end":{"line":99,"column":43}},"type":"binary-expr","locations":[{"start":{"line":99,"column":25},"end":{"line":99,"column":38}},{"start":{"line":99,"column":42},"end":{"line":99,"column":43}}],"line":99},"3":{"loc":{"start":{"line":108,"column":19},"end":{"line":108,"column":37}},"type":"binary-expr","locations":[{"start":{"line":108,"column":19},"end":{"line":108,"column":32}},{"start":{"line":108,"column":36},"end":{"line":108,"column":37}}],"line":108}},"s":{"0":1,"1":3,"2":3,"3":3,"4":3,"5":3,"6":2,"7":1,"8":3,"9":1,"10":2,"11":2,"12":2,"13":2},"f":{"0":3,"1":2,"2":1,"3":2,"4":2,"5":2},"b":{"0":[3,3],"1":[1,2],"2":[2,0],"3":[2,0]},"_coverageSchema":"1a1c01bbd47fc00a2c39e90264f33305004495a9","hash":"e1bd7126b14f53d685dc492c9acbdf412113a328"}
,"C:\\Users\\2393630\\OneDrive - Cognizant\\Documents\\Flowsource\\projects\\energy-asset-management\\src\\pages\\ForgotPassword.jsx": {"path":"C:\\Users\\2393630\\OneDrive - Cognizant\\Documents\\Flowsource\\projects\\energy-asset-management\\src\\pages\\ForgotPassword.jsx","statementMap":{"0":{"start":{"line":6,"column":23},"end":{"line":85,"column":1}},"1":{"start":{"line":7,"column":28},"end":{"line":7,"column":40}},"2":{"start":{"line":8,"column":28},"end":{"line":8,"column":42}},"3":{"start":{"line":10,"column":23},"end":{"line":23,"column":3}},"4":{"start":{"line":11,"column":4},"end":{"line":11,"column":23}},"5":{"start":{"line":13,"column":4},"end":{"line":17,"column":5}},"6":{"start":{"line":14,"column":6},"end":{"line":14,"column":72}},"7":{"start":{"line":15,"column":6},"end":{"line":15,"column":45}},"8":{"start":{"line":15,"column":23},"end":{"line":15,"column":37}},"9":{"start":{"line":16,"column":6},"end":{"line":16,"column":13}},"10":{"start":{"line":20,"column":4},"end":{"line":20,"column":86}},"11":{"start":{"line":21,"column":4},"end":{"line":21,"column":17}},"12":{"start":{"line":22,"column":4},"end":{"line":22,"column":43}},"13":{"start":{"line":22,"column":21},"end":{"line":22,"column":35}},"14":{"start":{"line":25,"column":2},"end":{"line":84,"column":4}},"15":{"start":{"line":53,"column":31},"end":{"line":53,"column":55}}},"fnMap":{"0":{"name":"(anonymous_0)","decl":{"start":{"line":6,"column":23},"end":{"line":6,"column":24}},"loc":{"start":{"line":6,"column":29},"end":{"line":85,"column":1}},"line":6},"1":{"name":"(anonymous_1)","decl":{"start":{"line":10,"column":23},"end":{"line":10,"column":24}},"loc":{"start":{"line":10,"column":30},"end":{"line":23,"column":3}},"line":10},"2":{"name":"(anonymous_2)","decl":{"start":{"line":15,"column":17},"end":{"line":15,"column":18}},"loc":{"start":{"line":15,"column":23},"end":{"line":15,"column":37}},"line":15},"3":{"name":"(anonymous_3)","decl":{"start":{"line":22,"column":15},"end":{"line":22,"column":16}},"loc":{"start":{"line":22,"column":21},"end":{"line":22,"column":35}},"line":22},"4":{"name":"(anonymous_4)","decl":{"start":{"line":53,"column":24},"end":{"line":53,"column":25}},"loc":{"start":{"line":53,"column":31},"end":{"line":53,"column":55}},"line":53}},"branchMap":{"0":{"loc":{"start":{"line":13,"column":4},"end":{"line":17,"column":5}},"type":"if","locations":[{"start":{"line":13,"column":4},"end":{"line":17,"column":5}},{"start":{},"end":{}}],"line":13},"1":{"loc":{"start":{"line":39,"column":9},"end":{"line":43,"column":9}},"type":"binary-expr","locations":[{"start":{"line":39,"column":9},"end":{"line":39,"column":14}},{"start":{"line":40,"column":10},"end":{"line":42,"column":16}}],"line":39}},"s":{"0":1,"1":7,"2":7,"3":7,"4":2,"5":2,"6":1,"7":1,"8":0,"9":1,"10":1,"11":1,"12":1,"13":1,"14":7,"15":1},"f":{"0":7,"1":2,"2":0,"3":1,"4":1},"b":{"0":[1,1],"1":[7,2]},"_coverageSchema":"1a1c01bbd47fc00a2c39e90264f33305004495a9","hash":"880c56e5e9dbdd4951f7cbb1039e6a17f02dfe48"}
,"C:\\Users\\2393630\\OneDrive - Cognizant\\Documents\\Flowsource\\projects\\energy-asset-management\\src\\pages\\Home.jsx": {"path":"C:\\Users\\2393630\\OneDrive - Cognizant\\Documents\\Flowsource\\projects\\energy-asset-management\\src\\pages\\Home.jsx","statementMap":{"0":{"start":{"line":19,"column":13},"end":{"line":360,"column":1}},"1":{"start":{"line":20,"column":28},"end":{"line":36,"column":3}},"2":{"start":{"line":21,"column":10},"end":{"line":34,"column":5}},"3":{"start":{"line":38,"column":24},"end":{"line":57,"column":3}},"4":{"start":{"line":39,"column":10},"end":{"line":55,"column":5}},"5":{"start":{"line":59,"column":27},"end":{"line":95,"column":3}},"6":{"start":{"line":60,"column":10},"end":{"line":93,"column":5}},"7":{"start":{"line":97,"column":24},"end":{"line":107,"column":3}},"8":{"start":{"line":98,"column":10},"end":{"line":105,"column":5}},"9":{"start":{"line":109,"column":22},"end":{"line":116,"column":3}},"10":{"start":{"line":110,"column":10},"end":{"line":114,"column":5}},"11":{"start":{"line":118,"column":2},"end":{"line":359,"column":4}},"12":{"start":{"line":219,"column":18},"end":{"line":221,"column":25}},"13":{"start":{"line":231,"column":18},"end":{"line":231,"column":102}},"14":{"start":{"line":237,"column":12},"end":{"line":291,"column":18}},"15":{"start":{"line":269,"column":20},"end":{"line":272,"column":30}},"16":{"start":{"line":319,"column":6},"end":{"line":338,"column":13}}},"fnMap":{"0":{"name":"(anonymous_0)","decl":{"start":{"line":19,"column":13},"end":{"line":19,"column":14}},"loc":{"start":{"line":19,"column":19},"end":{"line":360,"column":1}},"line":19},"1":{"name":"(anonymous_1)","decl":{"start":{"line":21,"column":4},"end":{"line":21,"column":5}},"loc":{"start":{"line":21,"column":10},"end":{"line":34,"column":5}},"line":21},"2":{"name":"(anonymous_2)","decl":{"start":{"line":39,"column":4},"end":{"line":39,"column":5}},"loc":{"start":{"line":39,"column":10},"end":{"line":55,"column":5}},"line":39},"3":{"name":"(anonymous_3)","decl":{"start":{"line":60,"column":4},"end":{"line":60,"column":5}},"loc":{"start":{"line":60,"column":10},"end":{"line":93,"column":5}},"line":60},"4":{"name":"(anonymous_4)","decl":{"start":{"line":98,"column":4},"end":{"line":98,"column":5}},"loc":{"start":{"line":98,"column":10},"end":{"line":105,"column":5}},"line":98},"5":{"name":"(anonymous_5)","decl":{"start":{"line":110,"column":4},"end":{"line":110,"column":5}},"loc":{"start":{"line":110,"column":10},"end":{"line":114,"column":5}},"line":110},"6":{"name":"(anonymous_6)","decl":{"start":{"line":218,"column":65},"end":{"line":218,"column":66}},"loc":{"start":{"line":219,"column":18},"end":{"line":221,"column":25}},"line":219},"7":{"name":"(anonymous_7)","decl":{"start":{"line":230,"column":57},"end":{"line":230,"column":58}},"loc":{"start":{"line":231,"column":18},"end":{"line":231,"column":102}},"line":231},"8":{"name":"(anonymous_8)","decl":{"start":{"line":236,"column":32},"end":{"line":236,"column":33}},"loc":{"start":{"line":237,"column":12},"end":{"line":291,"column":18}},"line":237},"9":{"name":"(anonymous_9)","decl":{"start":{"line":268,"column":39},"end":{"line":268,"column":40}},"loc":{"start":{"line":269,"column":20},"end":{"line":272,"column":30}},"line":269},"10":{"name":"(anonymous_10)","decl":{"start":{"line":318,"column":19},"end":{"line":318,"column":20}},"loc":{"start":{"line":319,"column":6},"end":{"line":338,"column":13}},"line":319}},"branchMap":{"0":{"loc":{"start":{"line":239,"column":60},"end":{"line":239,"column":110}},"type":"cond-expr","locations":[{"start":{"line":239,"column":78},"end":{"line":239,"column":105}},{"start":{"line":239,"column":108},"end":{"line":239,"column":110}}],"line":239},"1":{"loc":{"start":{"line":252,"column":22},"end":{"line":256,"column":37}},"type":"cond-expr","locations":[{"start":{"line":253,"column":26},"end":{"line":253,"column":42}},{"start":{"line":254,"column":26},"end":{"line":256,"column":37}}],"line":252},"2":{"loc":{"start":{"line":254,"column":26},"end":{"line":256,"column":37}},"type":"cond-expr","locations":[{"start":{"line":255,"column":28},"end":{"line":255,"column":44}},{"start":{"line":256,"column":28},"end":{"line":256,"column":37}}],"line":254},"3":{"loc":{"start":{"line":277,"column":19},"end":{"line":285,"column":19}},"type":"cond-expr","locations":[{"start":{"line":278,"column":20},"end":{"line":280,"column":27}},{"start":{"line":282,"column":20},"end":{"line":284,"column":24}}],"line":277}},"s":{"0":1,"1":7,"2":7,"3":7,"4":7,"5":7,"6":7,"7":7,"8":7,"9":7,"10":7,"11":7,"12":168,"13":210,"14":14,"15":42,"16":7},"f":{"0":7,"1":7,"2":7,"3":7,"4":7,"5":7,"6":168,"7":210,"8":14,"9":42,"10":7},"b":{"0":[7,7],"1":[7,7],"2":[7,0],"3":[14,0]},"_coverageSchema":"1a1c01bbd47fc00a2c39e90264f33305004495a9","hash":"4462d916772af0c8502e311448e1beca33ba6ff2"}
,"C:\\Users\\2393630\\OneDrive - Cognizant\\Documents\\Flowsource\\projects\\energy-asset-management\\src\\pages\\Login.jsx": {"path":"C:\\Users\\2393630\\OneDrive - Cognizant\\Documents\\Flowsource\\projects\\energy-asset-management\\src\\pages\\Login.jsx","statementMap":{"0":{"start":{"line":16,"column":14},"end":{"line":223,"column":1}},"1":{"start":{"line":17,"column":19},"end":{"line":17,"column":32}},"2":{"start":{"line":18,"column":34},"end":{"line":18,"column":71}},"3":{"start":{"line":19,"column":28},"end":{"line":19,"column":42}},"4":{"start":{"line":20,"column":42},"end":{"line":20,"column":57}},"5":{"start":{"line":25,"column":22},"end":{"line":42,"column":3}},"6":{"start":{"line":26,"column":4},"end":{"line":41,"column":5}},"7":{"start":{"line":27,"column":21},"end":{"line":27,"column":58}},"8":{"start":{"line":29,"column":19},"end":{"line":29,"column":30}},"9":{"start":{"line":31,"column":6},"end":{"line":31,"column":73}},"10":{"start":{"line":34,"column":6},"end":{"line":34,"column":64}},"11":{"start":{"line":36,"column":6},"end":{"line":36,"column":48}},"12":{"start":{"line":36,"column":23},"end":{"line":36,"column":40}},"13":{"start":{"line":38,"column":6},"end":{"line":38,"column":49}},"14":{"start":{"line":39,"column":6},"end":{"line":39,"column":68}},"15":{"start":{"line":40,"column":6},"end":{"line":40,"column":59}},"16":{"start":{"line":47,"column":24},"end":{"line":49,"column":3}},"17":{"start":{"line":48,"column":4},"end":{"line":48,"column":45}},"18":{"start":{"line":51,"column":23},"end":{"line":52,"column":65}},"19":{"start":{"line":52,"column":4},"end":{"line":52,"column":65}},"20":{"start":{"line":54,"column":21},"end":{"line":70,"column":1}},"21":{"start":{"line":55,"column":2},"end":{"line":55,"column":21}},"22":{"start":{"line":57,"column":15},"end":{"line":57,"column":63}},"23":{"start":{"line":59,"column":2},"end":{"line":69,"column":3}},"24":{"start":{"line":60,"column":4},"end":{"line":60,"column":64}},"25":{"start":{"line":62,"column":4},"end":{"line":62,"column":62}},"26":{"start":{"line":65,"column":4},"end":{"line":65,"column":53}},"27":{"start":{"line":65,"column":21},"end":{"line":65,"column":45}},"28":{"start":{"line":67,"column":4},"end":{"line":67,"column":71}},"29":{"start":{"line":68,"column":4},"end":{"line":68,"column":43}},"30":{"start":{"line":68,"column":21},"end":{"line":68,"column":35}},"31":{"start":{"line":73,"column":2},"end":{"line":222,"column":4}},"32":{"start":{"line":147,"column":29},"end":{"line":147,"column":59}},"33":{"start":{"line":200,"column":27},"end":{"line":200,"column":46}}},"fnMap":{"0":{"name":"(anonymous_0)","decl":{"start":{"line":16,"column":14},"end":{"line":16,"column":15}},"loc":{"start":{"line":16,"column":20},"end":{"line":223,"column":1}},"line":16},"1":{"name":"(anonymous_1)","decl":{"start":{"line":25,"column":22},"end":{"line":25,"column":23}},"loc":{"start":{"line":25,"column":34},"end":{"line":42,"column":3}},"line":25},"2":{"name":"(anonymous_2)","decl":{"start":{"line":36,"column":17},"end":{"line":36,"column":18}},"loc":{"start":{"line":36,"column":23},"end":{"line":36,"column":40}},"line":36},"3":{"name":"(anonymous_3)","decl":{"start":{"line":47,"column":24},"end":{"line":47,"column":25}},"loc":{"start":{"line":47,"column":30},"end":{"line":49,"column":3}},"line":47},"4":{"name":"(anonymous_4)","decl":{"start":{"line":51,"column":23},"end":{"line":51,"column":24}},"loc":{"start":{"line":52,"column":4},"end":{"line":52,"column":65}},"line":52},"5":{"name":"(anonymous_5)","decl":{"start":{"line":54,"column":21},"end":{"line":54,"column":22}},"loc":{"start":{"line":54,"column":28},"end":{"line":70,"column":1}},"line":54},"6":{"name":"(anonymous_6)","decl":{"start":{"line":65,"column":15},"end":{"line":65,"column":16}},"loc":{"start":{"line":65,"column":21},"end":{"line":65,"column":45}},"line":65},"7":{"name":"(anonymous_7)","decl":{"start":{"line":68,"column":15},"end":{"line":68,"column":16}},"loc":{"start":{"line":68,"column":21},"end":{"line":68,"column":35}},"line":68},"8":{"name":"(anonymous_8)","decl":{"start":{"line":147,"column":23},"end":{"line":147,"column":24}},"loc":{"start":{"line":147,"column":29},"end":{"line":147,"column":59}},"line":147},"9":{"name":"(anonymous_9)","decl":{"start":{"line":200,"column":21},"end":{"line":200,"column":22}},"loc":{"start":{"line":200,"column":27},"end":{"line":200,"column":46}},"line":200}},"branchMap":{"0":{"loc":{"start":{"line":59,"column":2},"end":{"line":69,"column":3}},"type":"if","locations":[{"start":{"line":59,"column":2},"end":{"line":69,"column":3}},{"start":{"line":66,"column":9},"end":{"line":69,"column":3}}],"line":59},"1":{"loc":{"start":{"line":59,"column":6},"end":{"line":59,"column":49}},"type":"binary-expr","locations":[{"start":{"line":59,"column":6},"end":{"line":59,"column":10}},{"start":{"line":59,"column":14},"end":{"line":59,"column":49}}],"line":59},"2":{"loc":{"start":{"line":96,"column":9},"end":{"line":100,"column":9}},"type":"binary-expr","locations":[{"start":{"line":96,"column":9},"end":{"line":96,"column":14}},{"start":{"line":97,"column":10},"end":{"line":99,"column":16}}],"line":96},"3":{"loc":{"start":{"line":129,"column":20},"end":{"line":129,"column":54}},"type":"cond-expr","locations":[{"start":{"line":129,"column":35},"end":{"line":129,"column":41}},{"start":{"line":129,"column":44},"end":{"line":129,"column":54}}],"line":129},"4":{"loc":{"start":{"line":156,"column":15},"end":{"line":156,"column":56}},"type":"cond-expr","locations":[{"start":{"line":156,"column":30},"end":{"line":156,"column":44}},{"start":{"line":156,"column":47},"end":{"line":156,"column":56}}],"line":156}},"s":{"0":1,"1":19,"2":19,"3":19,"4":19,"5":19,"6":0,"7":0,"8":0,"9":0,"10":0,"11":0,"12":0,"13":0,"14":0,"15":0,"16":19,"17":0,"18":19,"19":8,"20":19,"21":3,"22":3,"23":3,"24":1,"25":1,"26":1,"27":1,"28":2,"29":2,"30":2,"31":19,"32":0,"33":1},"f":{"0":19,"1":0,"2":0,"3":0,"4":8,"5":3,"6":1,"7":2,"8":0,"9":1},"b":{"0":[1,2],"1":[3,2],"2":[19,3],"3":[0,19],"4":[0,19]},"_coverageSchema":"1a1c01bbd47fc00a2c39e90264f33305004495a9","hash":"dfad75b0ae64270569b2f6ef2bea1d0666327d18"}
,"C:\\Users\\2393630\\OneDrive - Cognizant\\Documents\\Flowsource\\projects\\energy-asset-management\\src\\pages\\NonRenewable.jsx": {"path":"C:\\Users\\2393630\\OneDrive - Cognizant\\Documents\\Flowsource\\projects\\energy-asset-management\\src\\pages\\NonRenewable.jsx","statementMap":{"0":{"start":{"line":12,"column":21},"end":{"line":209,"column":1}},"1":{"start":{"line":13,"column":19},"end":{"line":13,"column":32}},"2":{"start":{"line":14,"column":24},"end":{"line":14,"column":58}},"3":{"start":{"line":15,"column":38},"end":{"line":15,"column":50}},"4":{"start":{"line":17,"column":31},"end":{"line":90,"column":3}},"5":{"start":{"line":93,"column":27},"end":{"line":97,"column":3}},"6":{"start":{"line":95,"column":6},"end":{"line":96,"column":66}},"7":{"start":{"line":99,"column":2},"end":{"line":208,"column":4}},"8":{"start":{"line":138,"column":58},"end":{"line":138,"column":80}},"9":{"start":{"line":147,"column":12},"end":{"line":185,"column":18}},"10":{"start":{"line":159,"column":18},"end":{"line":159,"column":72}},"11":{"start":{"line":160,"column":18},"end":{"line":160,"column":82}},"12":{"start":{"line":163,"column":18},"end":{"line":163,"column":68}},"13":{"start":{"line":164,"column":18},"end":{"line":164,"column":81}}},"fnMap":{"0":{"name":"(anonymous_0)","decl":{"start":{"line":12,"column":21},"end":{"line":12,"column":22}},"loc":{"start":{"line":12,"column":27},"end":{"line":209,"column":1}},"line":12},"1":{"name":"(anonymous_1)","decl":{"start":{"line":94,"column":4},"end":{"line":94,"column":5}},"loc":{"start":{"line":95,"column":6},"end":{"line":96,"column":66}},"line":95},"2":{"name":"(anonymous_2)","decl":{"start":{"line":138,"column":53},"end":{"line":138,"column":54}},"loc":{"start":{"line":138,"column":58},"end":{"line":138,"column":80}},"line":138},"3":{"name":"(anonymous_3)","decl":{"start":{"line":146,"column":32},"end":{"line":146,"column":33}},"loc":{"start":{"line":147,"column":12},"end":{"line":185,"column":18}},"line":147},"4":{"name":"(anonymous_4)","decl":{"start":{"line":158,"column":30},"end":{"line":158,"column":31}},"loc":{"start":{"line":158,"column":37},"end":{"line":161,"column":17}},"line":158},"5":{"name":"(anonymous_5)","decl":{"start":{"line":162,"column":30},"end":{"line":162,"column":31}},"loc":{"start":{"line":162,"column":37},"end":{"line":165,"column":17}},"line":162}},"branchMap":{"0":{"loc":{"start":{"line":14,"column":24},"end":{"line":14,"column":58}},"type":"binary-expr","locations":[{"start":{"line":14,"column":24},"end":{"line":14,"column":50}},{"start":{"line":14,"column":54},"end":{"line":14,"column":58}}],"line":14},"1":{"loc":{"start":{"line":95,"column":6},"end":{"line":96,"column":66}},"type":"binary-expr","locations":[{"start":{"line":95,"column":6},"end":{"line":95,"column":66}},{"start":{"line":96,"column":6},"end":{"line":96,"column":66}}],"line":95},"2":{"loc":{"start":{"line":135,"column":7},"end":{"line":141,"column":7}},"type":"binary-expr","locations":[{"start":{"line":135,"column":7},"end":{"line":135,"column":20}},{"start":{"line":136,"column":8},"end":{"line":140,"column":14}}],"line":135},"3":{"loc":{"start":{"line":150,"column":18},"end":{"line":150,"column":94}},"type":"cond-expr","locations":[{"start":{"line":150,"column":48},"end":{"line":150,"column":89}},{"start":{"line":150,"column":92},"end":{"line":150,"column":94}}],"line":150},"4":{"loc":{"start":{"line":156,"column":29},"end":{"line":156,"column":85}},"type":"cond-expr","locations":[{"start":{"line":156,"column":59},"end":{"line":156,"column":72}},{"start":{"line":156,"column":75},"end":{"line":156,"column":85}}],"line":156}},"s":{"0":1,"1":6,"2":6,"3":6,"4":6,"5":6,"6":36,"7":6,"8":1,"9":36,"10":1,"11":1,"12":1,"13":1},"f":{"0":6,"1":36,"2":1,"3":36,"4":1,"5":1},"b":{"0":[6,5],"1":[36,0],"2":[6,1],"3":[1,35],"4":[1,35]},"_coverageSchema":"1a1c01bbd47fc00a2c39e90264f33305004495a9","hash":"ade4d2ba105a8344219b7aef00f4355cadaeeafc"}
,"C:\\Users\\2393630\\OneDrive - Cognizant\\Documents\\Flowsource\\projects\\energy-asset-management\\src\\pages\\Projects.jsx": {"path":"C:\\Users\\2393630\\OneDrive - Cognizant\\Documents\\Flowsource\\projects\\energy-asset-management\\src\\pages\\Projects.jsx","statementMap":{"0":{"start":{"line":16,"column":17},"end":{"line":202,"column":1}},"1":{"start":{"line":17,"column":19},"end":{"line":17,"column":32}},"2":{"start":{"line":19,"column":20},"end":{"line":26,"column":3}},"3":{"start":{"line":28,"column":23},"end":{"line":35,"column":3}},"4":{"start":{"line":37,"column":2},"end":{"line":201,"column":4}},"5":{"start":{"line":91,"column":12},"end":{"line":133,"column":18}},"6":{"start":{"line":99,"column":18},"end":{"line":99,"column":71}},"7":{"start":{"line":100,"column":18},"end":{"line":101,"column":50}},"8":{"start":{"line":104,"column":18},"end":{"line":104,"column":68}},"9":{"start":{"line":105,"column":18},"end":{"line":106,"column":49}},"10":{"start":{"line":126,"column":35},"end":{"line":126,"column":68}},"11":{"start":{"line":143,"column":12},"end":{"line":185,"column":18}},"12":{"start":{"line":151,"column":18},"end":{"line":151,"column":71}},"13":{"start":{"line":152,"column":18},"end":{"line":153,"column":50}},"14":{"start":{"line":156,"column":18},"end":{"line":156,"column":68}},"15":{"start":{"line":157,"column":18},"end":{"line":158,"column":49}},"16":{"start":{"line":178,"column":35},"end":{"line":178,"column":71}}},"fnMap":{"0":{"name":"(anonymous_0)","decl":{"start":{"line":16,"column":17},"end":{"line":16,"column":18}},"loc":{"start":{"line":16,"column":23},"end":{"line":202,"column":1}},"line":16},"1":{"name":"(anonymous_1)","decl":{"start":{"line":90,"column":25},"end":{"line":90,"column":26}},"loc":{"start":{"line":91,"column":12},"end":{"line":133,"column":18}},"line":91},"2":{"name":"(anonymous_2)","decl":{"start":{"line":98,"column":30},"end":{"line":98,"column":31}},"loc":{"start":{"line":98,"column":37},"end":{"line":102,"column":17}},"line":98},"3":{"name":"(anonymous_3)","decl":{"start":{"line":103,"column":30},"end":{"line":103,"column":31}},"loc":{"start":{"line":103,"column":37},"end":{"line":107,"column":17}},"line":103},"4":{"name":"(anonymous_4)","decl":{"start":{"line":126,"column":29},"end":{"line":126,"column":30}},"loc":{"start":{"line":126,"column":35},"end":{"line":126,"column":68}},"line":126},"5":{"name":"(anonymous_5)","decl":{"start":{"line":142,"column":28},"end":{"line":142,"column":29}},"loc":{"start":{"line":143,"column":12},"end":{"line":185,"column":18}},"line":143},"6":{"name":"(anonymous_6)","decl":{"start":{"line":150,"column":30},"end":{"line":150,"column":31}},"loc":{"start":{"line":150,"column":37},"end":{"line":154,"column":17}},"line":150},"7":{"name":"(anonymous_7)","decl":{"start":{"line":155,"column":30},"end":{"line":155,"column":31}},"loc":{"start":{"line":155,"column":37},"end":{"line":159,"column":17}},"line":155},"8":{"name":"(anonymous_8)","decl":{"start":{"line":178,"column":29},"end":{"line":178,"column":30}},"loc":{"start":{"line":178,"column":35},"end":{"line":178,"column":71}},"line":178}},"branchMap":{},"s":{"0":1,"1":3,"2":3,"3":3,"4":3,"5":18,"6":1,"7":1,"8":1,"9":1,"10":1,"11":18,"12":0,"13":0,"14":0,"15":0,"16":0},"f":{"0":3,"1":18,"2":1,"3":1,"4":1,"5":18,"6":0,"7":0,"8":0},"b":{},"_coverageSchema":"1a1c01bbd47fc00a2c39e90264f33305004495a9","hash":"4c5b6f290f4f0bf6c9b7411d17448cdff5a3888d"}
,"C:\\Users\\2393630\\OneDrive - Cognizant\\Documents\\Flowsource\\projects\\energy-asset-management\\src\\pages\\Renewable.jsx": {"path":"C:\\Users\\2393630\\OneDrive - Cognizant\\Documents\\Flowsource\\projects\\energy-asset-management\\src\\pages\\Renewable.jsx","statementMap":{"0":{"start":{"line":12,"column":18},"end":{"line":226,"column":1}},"1":{"start":{"line":13,"column":19},"end":{"line":13,"column":32}},"2":{"start":{"line":14,"column":24},"end":{"line":14,"column":58}},"3":{"start":{"line":16,"column":38},"end":{"line":16,"column":50}},"4":{"start":{"line":18,"column":28},"end":{"line":91,"column":3}},"5":{"start":{"line":94,"column":27},"end":{"line":98,"column":3}},"6":{"start":{"line":96,"column":6},"end":{"line":97,"column":66}},"7":{"start":{"line":100,"column":2},"end":{"line":225,"column":4}},"8":{"start":{"line":155,"column":55},"end":{"line":155,"column":77}},"9":{"start":{"line":164,"column":12},"end":{"line":202,"column":18}},"10":{"start":{"line":176,"column":18},"end":{"line":176,"column":72}},"11":{"start":{"line":177,"column":18},"end":{"line":177,"column":82}},"12":{"start":{"line":180,"column":18},"end":{"line":180,"column":68}},"13":{"start":{"line":181,"column":18},"end":{"line":181,"column":81}}},"fnMap":{"0":{"name":"(anonymous_0)","decl":{"start":{"line":12,"column":18},"end":{"line":12,"column":19}},"loc":{"start":{"line":12,"column":24},"end":{"line":226,"column":1}},"line":12},"1":{"name":"(anonymous_1)","decl":{"start":{"line":95,"column":4},"end":{"line":95,"column":5}},"loc":{"start":{"line":96,"column":6},"end":{"line":97,"column":66}},"line":96},"2":{"name":"(anonymous_2)","decl":{"start":{"line":155,"column":50},"end":{"line":155,"column":51}},"loc":{"start":{"line":155,"column":55},"end":{"line":155,"column":77}},"line":155},"3":{"name":"(anonymous_3)","decl":{"start":{"line":163,"column":32},"end":{"line":163,"column":33}},"loc":{"start":{"line":164,"column":12},"end":{"line":202,"column":18}},"line":164},"4":{"name":"(anonymous_4)","decl":{"start":{"line":175,"column":30},"end":{"line":175,"column":31}},"loc":{"start":{"line":175,"column":37},"end":{"line":178,"column":17}},"line":175},"5":{"name":"(anonymous_5)","decl":{"start":{"line":179,"column":30},"end":{"line":179,"column":31}},"loc":{"start":{"line":179,"column":37},"end":{"line":182,"column":17}},"line":179}},"branchMap":{"0":{"loc":{"start":{"line":14,"column":24},"end":{"line":14,"column":58}},"type":"binary-expr","locations":[{"start":{"line":14,"column":24},"end":{"line":14,"column":50}},{"start":{"line":14,"column":54},"end":{"line":14,"column":58}}],"line":14},"1":{"loc":{"start":{"line":96,"column":6},"end":{"line":97,"column":66}},"type":"binary-expr","locations":[{"start":{"line":96,"column":6},"end":{"line":96,"column":66}},{"start":{"line":97,"column":6},"end":{"line":97,"column":66}}],"line":96},"2":{"loc":{"start":{"line":152,"column":7},"end":{"line":158,"column":7}},"type":"binary-expr","locations":[{"start":{"line":152,"column":7},"end":{"line":152,"column":20}},{"start":{"line":153,"column":8},"end":{"line":157,"column":14}}],"line":152},"3":{"loc":{"start":{"line":167,"column":18},"end":{"line":167,"column":95}},"type":"cond-expr","locations":[{"start":{"line":167,"column":48},"end":{"line":167,"column":90}},{"start":{"line":167,"column":93},"end":{"line":167,"column":95}}],"line":167},"4":{"loc":{"start":{"line":173,"column":29},"end":{"line":173,"column":85}},"type":"cond-expr","locations":[{"start":{"line":173,"column":59},"end":{"line":173,"column":72}},{"start":{"line":173,"column":75},"end":{"line":173,"column":85}}],"line":173}},"s":{"0":1,"1":6,"2":6,"3":6,"4":6,"5":6,"6":36,"7":6,"8":2,"9":36,"10":1,"11":1,"12":1,"13":1},"f":{"0":6,"1":36,"2":2,"3":36,"4":1,"5":1},"b":{"0":[6,5],"1":[36,0],"2":[6,1],"3":[1,35],"4":[1,35]},"_coverageSchema":"1a1c01bbd47fc00a2c39e90264f33305004495a9","hash":"e956af0e847fb522b077cd85d7a75d142d1fd87a"}
,"C:\\Users\\2393630\\OneDrive - Cognizant\\Documents\\Flowsource\\projects\\energy-asset-management\\src\\pages\\ResetPassword.jsx": {"path":"C:\\Users\\2393630\\OneDrive - Cognizant\\Documents\\Flowsource\\projects\\energy-asset-management\\src\\pages\\ResetPassword.jsx","statementMap":{"0":{"start":{"line":5,"column":22},"end":{"line":55,"column":1}},"1":{"start":{"line":6,"column":19},"end":{"line":6,"column":32}},"2":{"start":{"line":7,"column":34},"end":{"line":7,"column":46}},"3":{"start":{"line":8,"column":48},"end":{"line":8,"column":60}},"4":{"start":{"line":9,"column":28},"end":{"line":9,"column":42}},"5":{"start":{"line":11,"column":22},"end":{"line":23,"column":3}},"6":{"start":{"line":12,"column":4},"end":{"line":12,"column":23}},"7":{"start":{"line":13,"column":4},"end":{"line":17,"column":5}},"8":{"start":{"line":14,"column":6},"end":{"line":14,"column":71}},"9":{"start":{"line":15,"column":6},"end":{"line":15,"column":45}},"10":{"start":{"line":15,"column":23},"end":{"line":15,"column":37}},"11":{"start":{"line":16,"column":6},"end":{"line":16,"column":13}},"12":{"start":{"line":18,"column":4},"end":{"line":18,"column":73}},"13":{"start":{"line":19,"column":4},"end":{"line":22,"column":13}},"14":{"start":{"line":20,"column":6},"end":{"line":20,"column":21}},"15":{"start":{"line":21,"column":6},"end":{"line":21,"column":25}},"16":{"start":{"line":25,"column":2},"end":{"line":54,"column":4}},"17":{"start":{"line":38,"column":111},"end":{"line":38,"column":138}},"18":{"start":{"line":42,"column":122},"end":{"line":42,"column":156}}},"fnMap":{"0":{"name":"(anonymous_0)","decl":{"start":{"line":5,"column":22},"end":{"line":5,"column":23}},"loc":{"start":{"line":5,"column":28},"end":{"line":55,"column":1}},"line":5},"1":{"name":"(anonymous_1)","decl":{"start":{"line":11,"column":22},"end":{"line":11,"column":23}},"loc":{"start":{"line":11,"column":29},"end":{"line":23,"column":3}},"line":11},"2":{"name":"(anonymous_2)","decl":{"start":{"line":15,"column":17},"end":{"line":15,"column":18}},"loc":{"start":{"line":15,"column":23},"end":{"line":15,"column":37}},"line":15},"3":{"name":"(anonymous_3)","decl":{"start":{"line":19,"column":15},"end":{"line":19,"column":16}},"loc":{"start":{"line":19,"column":21},"end":{"line":22,"column":5}},"line":19},"4":{"name":"(anonymous_4)","decl":{"start":{"line":38,"column":104},"end":{"line":38,"column":105}},"loc":{"start":{"line":38,"column":111},"end":{"line":38,"column":138}},"line":38},"5":{"name":"(anonymous_5)","decl":{"start":{"line":42,"column":115},"end":{"line":42,"column":116}},"loc":{"start":{"line":42,"column":122},"end":{"line":42,"column":156}},"line":42}},"branchMap":{"0":{"loc":{"start":{"line":13,"column":4},"end":{"line":17,"column":5}},"type":"if","locations":[{"start":{"line":13,"column":4},"end":{"line":17,"column":5}},{"start":{},"end":{}}],"line":13},"1":{"loc":{"start":{"line":33,"column":9},"end":{"line":33,"column":96}},"type":"binary-expr","locations":[{"start":{"line":33,"column":9},"end":{"line":33,"column":14}},{"start":{"line":33,"column":18},"end":{"line":33,"column":96}}],"line":33}},"s":{"0":1,"1":10,"2":10,"3":10,"4":10,"5":10,"6":2,"7":2,"8":1,"9":1,"10":0,"11":1,"12":1,"13":1,"14":1,"15":1,"16":10,"17":2,"18":2},"f":{"0":10,"1":2,"2":0,"3":1,"4":2,"5":2},"b":{"0":[1,1],"1":[10,2]},"_coverageSchema":"1a1c01bbd47fc00a2c39e90264f33305004495a9","hash":"de69522048bdb9b6193ef7f3a40ebbc0cf81e0d9"}
,"C:\\Users\\2393630\\OneDrive - Cognizant\\Documents\\Flowsource\\projects\\energy-asset-management\\src\\pages\\Services.jsx": {"path":"C:\\Users\\2393630\\OneDrive - Cognizant\\Documents\\Flowsource\\projects\\energy-asset-management\\src\\pages\\Services.jsx","statementMap":{"0":{"start":{"line":3,"column":17},"end":{"line":169,"column":1}},"1":{"start":{"line":4,"column":2},"end":{"line":168,"column":4}}},"fnMap":{"0":{"name":"(anonymous_0)","decl":{"start":{"line":3,"column":17},"end":{"line":3,"column":18}},"loc":{"start":{"line":3,"column":23},"end":{"line":169,"column":1}},"line":3}},"branchMap":{},"s":{"0":1,"1":1},"f":{"0":1},"b":{},"_coverageSchema":"1a1c01bbd47fc00a2c39e90264f33305004495a9","hash":"a742c1b78a23a78041717992efcc4defe5b3ca3a"}
,"C:\\Users\\2393630\\OneDrive - Cognizant\\Documents\\Flowsource\\projects\\energy-asset-management\\src\\pages\\Signup.jsx": {"path":"C:\\Users\\2393630\\OneDrive - Cognizant\\Documents\\Flowsource\\projects\\energy-asset-management\\src\\pages\\Signup.jsx","statementMap":{"0":{"start":{"line":5,"column":15},"end":{"line":143,"column":1}},"1":{"start":{"line":6,"column":19},"end":{"line":6,"column":32}},"2":{"start":{"line":7,"column":34},"end":{"line":7,"column":81}},"3":{"start":{"line":8,"column":28},"end":{"line":8,"column":42}},"4":{"start":{"line":10,"column":23},"end":{"line":11,"column":65}},"5":{"start":{"line":11,"column":4},"end":{"line":11,"column":65}},"6":{"start":{"line":13,"column":23},"end":{"line":25,"column":3}},"7":{"start":{"line":14,"column":4},"end":{"line":14,"column":23}},"8":{"start":{"line":16,"column":4},"end":{"line":24,"column":5}},"9":{"start":{"line":17,"column":6},"end":{"line":17,"column":85}},"10":{"start":{"line":18,"column":6},"end":{"line":18,"column":45}},"11":{"start":{"line":18,"column":23},"end":{"line":18,"column":37}},"12":{"start":{"line":20,"column":6},"end":{"line":20,"column":69}},"13":{"start":{"line":21,"column":6},"end":{"line":21,"column":93}},"14":{"start":{"line":23,"column":6},"end":{"line":23,"column":49}},"15":{"start":{"line":23,"column":23},"end":{"line":23,"column":41}},"16":{"start":{"line":27,"column":2},"end":{"line":142,"column":4}},"17":{"start":{"line":121,"column":27},"end":{"line":121,"column":45}}},"fnMap":{"0":{"name":"(anonymous_0)","decl":{"start":{"line":5,"column":15},"end":{"line":5,"column":16}},"loc":{"start":{"line":5,"column":21},"end":{"line":143,"column":1}},"line":5},"1":{"name":"(anonymous_1)","decl":{"start":{"line":10,"column":23},"end":{"line":10,"column":24}},"loc":{"start":{"line":11,"column":4},"end":{"line":11,"column":65}},"line":11},"2":{"name":"(anonymous_2)","decl":{"start":{"line":13,"column":23},"end":{"line":13,"column":24}},"loc":{"start":{"line":13,"column":30},"end":{"line":25,"column":3}},"line":13},"3":{"name":"(anonymous_3)","decl":{"start":{"line":18,"column":17},"end":{"line":18,"column":18}},"loc":{"start":{"line":18,"column":23},"end":{"line":18,"column":37}},"line":18},"4":{"name":"(anonymous_4)","decl":{"start":{"line":23,"column":17},"end":{"line":23,"column":18}},"loc":{"start":{"line":23,"column":23},"end":{"line":23,"column":41}},"line":23},"5":{"name":"(anonymous_5)","decl":{"start":{"line":121,"column":21},"end":{"line":121,"column":22}},"loc":{"start":{"line":121,"column":27},"end":{"line":121,"column":45}},"line":121}},"branchMap":{"0":{"loc":{"start":{"line":16,"column":4},"end":{"line":24,"column":5}},"type":"if","locations":[{"start":{"line":16,"column":4},"end":{"line":24,"column":5}},{"start":{"line":19,"column":11},"end":{"line":24,"column":5}}],"line":16},"1":{"loc":{"start":{"line":52,"column":9},"end":{"line":56,"column":9}},"type":"binary-expr","locations":[{"start":{"line":52,"column":9},"end":{"line":52,"column":14}},{"start":{"line":53,"column":10},"end":{"line":55,"column":16}}],"line":52}},"s":{"0":1,"1":11,"2":11,"3":11,"4":11,"5":6,"6":11,"7":2,"8":2,"9":1,"10":1,"11":0,"12":1,"13":1,"14":1,"15":1,"16":11,"17":0},"f":{"0":11,"1":6,"2":2,"3":0,"4":1,"5":0},"b":{"0":[1,1],"1":[11,2]},"_coverageSchema":"1a1c01bbd47fc00a2c39e90264f33305004495a9","hash":"cdbd12e639f4710eb57ec341c84badc4e7975f5b"}
,"C:\\Users\\2393630\\OneDrive - Cognizant\\Documents\\Flowsource\\projects\\energy-asset-management\\src\\pages\\logout.jsx": {"path":"C:\\Users\\2393630\\OneDrive - Cognizant\\Documents\\Flowsource\\projects\\energy-asset-management\\src\\pages\\logout.jsx","statementMap":{"0":{"start":{"line":4,"column":15},"end":{"line":29,"column":1}},"1":{"start":{"line":5,"column":19},"end":{"line":5,"column":32}},"2":{"start":{"line":7,"column":2},"end":{"line":15,"column":17}},"3":{"start":{"line":9,"column":4},"end":{"line":9,"column":43}},"4":{"start":{"line":12,"column":4},"end":{"line":14,"column":13}},"5":{"start":{"line":13,"column":6},"end":{"line":13,"column":25}},"6":{"start":{"line":17,"column":2},"end":{"line":28,"column":4}}},"fnMap":{"0":{"name":"(anonymous_0)","decl":{"start":{"line":4,"column":15},"end":{"line":4,"column":16}},"loc":{"start":{"line":4,"column":21},"end":{"line":29,"column":1}},"line":4},"1":{"name":"(anonymous_1)","decl":{"start":{"line":7,"column":12},"end":{"line":7,"column":13}},"loc":{"start":{"line":7,"column":18},"end":{"line":15,"column":3}},"line":7},"2":{"name":"(anonymous_2)","decl":{"start":{"line":12,"column":15},"end":{"line":12,"column":16}},"loc":{"start":{"line":12,"column":21},"end":{"line":14,"column":5}},"line":12}},"branchMap":{},"s":{"0":1,"1":1,"2":1,"3":1,"4":1,"5":1,"6":1},"f":{"0":1,"1":1,"2":1},"b":{},"_coverageSchema":"1a1c01bbd47fc00a2c39e90264f33305004495a9","hash":"6bb80449d1b7d4994e8dd8d7f0a16700ee469cb0"}
}
