TN:
SF:src\App.jsx
FN:20,(anonymous_0)
FNF:1
FNH:1
FNDA:1,(anonymous_0)
DA:20,1
DA:21,1
LF:2
LH:2
BRF:0
BRH:0
end_of_record
TN:
SF:src\AuthContext.js
FN:7,(anonymous_0)
FN:11,(anonymous_1)
FN:12,(anonymous_2)
FN:27,(anonymous_3)
FNF:4
FNH:4
FNDA:4,(anonymous_0)
FNDA:2,(anonymous_1)
FNDA:2,(anonymous_2)
FNDA:2,(anonymous_3)
DA:5,1
DA:7,1
DA:8,4
DA:9,4
DA:11,4
DA:12,2
DA:13,2
DA:14,2
DA:17,2
DA:20,4
DA:27,2
LF:11
LH:11
BRDA:22,0,0,4
BRDA:22,0,1,2
BRF:2
BRH:2
end_of_record
TN:
SF:src\ScrollToTop.jsx
FN:4,ScrollToTop
FN:7,(anonymous_1)
FNF:2
FNH:2
FNDA:1,ScrollToTop
FNDA:1,(anonymous_1)
DA:5,1
DA:7,1
DA:8,1
DA:11,1
LF:4
LH:4
BRF:0
BRH:0
end_of_record
TN:
SF:src\firebase.js
FNF:0
FNH:0
DA:5,1
DA:16,1
DA:19,1
DA:22,1
LF:4
LH:4
BRF:0
BRH:0
end_of_record
TN:
SF:src\main.jsx
FNF:0
FNH:0
DA:10,1
LF:1
LH:1
BRF:0
BRH:0
end_of_record
TN:
SF:src\components\AboutSection.jsx
FN:3,(anonymous_0)
FNF:1
FNH:1
FNDA:1,(anonymous_0)
DA:3,1
DA:4,1
LF:2
LH:2
BRF:0
BRH:0
end_of_record
TN:
SF:src\components\ContactForm.jsx
FN:3,(anonymous_0)
FNF:1
FNH:1
FNDA:1,(anonymous_0)
DA:3,1
DA:4,1
LF:2
LH:2
BRF:0
BRH:0
end_of_record
TN:
SF:src\components\Footer.jsx
FN:3,(anonymous_0)
FNF:1
FNH:1
FNDA:1,(anonymous_0)
DA:3,1
DA:4,1
LF:2
LH:2
BRF:0
BRH:0
end_of_record
TN:
SF:src\components\HeroSection.jsx
FN:4,(anonymous_0)
FNF:1
FNH:1
FNDA:3,(anonymous_0)
DA:4,1
DA:5,3
LF:2
LH:2
BRF:0
BRH:0
end_of_record
TN:
SF:src\components\Navbar.jsx
FN:6,(anonymous_0)
FN:12,(anonymous_1)
FN:14,(anonymous_2)
FN:23,(anonymous_3)
FNF:4
FNH:4
FNDA:5,(anonymous_0)
FNDA:22,(anonymous_1)
FNDA:2,(anonymous_2)
FNDA:1,(anonymous_3)
DA:6,1
DA:7,5
DA:8,5
DA:10,5
DA:12,22
DA:14,5
DA:15,2
DA:16,2
DA:17,1
DA:19,1
DA:23,5
DA:24,1
DA:25,1
DA:28,5
LF:14
LH:14
BRDA:16,0,0,1
BRDA:16,0,1,1
BRDA:45,1,0,0
BRDA:45,1,1,5
BRDA:49,2,0,0
BRDA:49,2,1,5
BRDA:54,3,0,0
BRDA:54,3,1,5
BRDA:60,4,0,0
BRDA:60,4,1,5
BRDA:63,5,0,5
BRDA:63,5,1,2
BRDA:65,6,0,0
BRDA:65,6,1,2
BRDA:69,7,0,5
BRDA:69,7,1,3
BRF:16
BRH:11
end_of_record
TN:
SF:src\components\ProtectedRoute.jsx
FN:3,(anonymous_0)
FNF:1
FNH:1
FNDA:2,(anonymous_0)
DA:3,1
DA:4,2
DA:5,2
DA:7,2
DA:8,1
DA:11,1
LF:6
LH:6
BRDA:7,0,0,1
BRDA:7,0,1,1
BRF:2
BRH:2
end_of_record
TN:
SF:src\components\ServiceCard.jsx
FN:4,(anonymous_0)
FN:5,(anonymous_1)
FNF:2
FNH:2
FNDA:2,(anonymous_0)
FNDA:2,(anonymous_1)
DA:4,1
DA:5,2
DA:6,2
DA:19,2
LF:4
LH:4
BRDA:8,0,0,2
BRDA:8,0,1,2
BRDA:21,1,0,1
BRDA:21,1,1,1
BRF:4
BRH:4
end_of_record
TN:
SF:src\pages\About.jsx
FN:8,(anonymous_0)
FN:9,(anonymous_1)
FN:12,(anonymous_2)
FN:13,(anonymous_3)
FN:19,(anonymous_4)
FN:192,(anonymous_5)
FN:221,(anonymous_6)
FNF:7
FNH:5
FNDA:6,(anonymous_0)
FNDA:6,(anonymous_1)
FNDA:0,(anonymous_2)
FNDA:0,(anonymous_3)
FNDA:54,(anonymous_4)
FNDA:24,(anonymous_5)
FNDA:18,(anonymous_6)
DA:8,1
DA:9,6
DA:10,6
DA:11,6
DA:13,0
DA:14,0
DA:19,54
DA:22,6
DA:193,24
DA:222,18
LF:10
LH:8
BRDA:14,0,0,0
BRDA:14,0,1,0
BRF:2
BRH:0
end_of_record
TN:
SF:src\pages\Contact.jsx
FN:25,(anonymous_0)
FN:29,(anonymous_1)
FN:32,(anonymous_2)
FN:41,(anonymous_3)
FN:49,(anonymous_4)
FN:51,(anonymous_5)
FN:57,(anonymous_6)
FNF:7
FNH:5
FNDA:11,(anonymous_0)
FNDA:6,(anonymous_1)
FNDA:2,(anonymous_2)
FNDA:1,(anonymous_3)
FNDA:0,(anonymous_4)
FNDA:1,(anonymous_5)
FNDA:0,(anonymous_6)
DA:15,1
DA:16,1
DA:23,1
DA:25,1
DA:26,11
DA:27,11
DA:29,11
DA:30,6
DA:32,11
DA:33,2
DA:35,2
DA:42,1
DA:47,1
DA:49,1
DA:52,1
DA:57,1
DA:61,11
LF:17
LH:17
BRDA:119,0,0,11
BRDA:119,0,1,2
BRF:2
BRH:2
end_of_record
TN:
SF:src\pages\DataScience.jsx
FN:5,(anonymous_0)
FN:36,(anonymous_1)
FN:38,(anonymous_2)
FN:41,(anonymous_3)
FN:62,(anonymous_4)
FN:102,(anonymous_5)
FN:116,(anonymous_6)
FN:125,(anonymous_7)
FN:127,(anonymous_8)
FN:137,(anonymous_9)
FN:158,(anonymous_10)
FN:174,(anonymous_11)
FN:184,(anonymous_12)
FN:214,(anonymous_13)
FN:236,(anonymous_14)
FN:277,(anonymous_15)
FN:287,(anonymous_16)
FN:299,(anonymous_17)
FN:327,(anonymous_18)
FN:373,(anonymous_19)
FNF:20
FNH:13
FNDA:16,(anonymous_0)
FNDA:11,(anonymous_1)
FNDA:33,(anonymous_2)
FNDA:0,(anonymous_3)
FNDA:2,(anonymous_4)
FNDA:5,(anonymous_5)
FNDA:4,(anonymous_6)
FNDA:10,(anonymous_7)
FNDA:10,(anonymous_8)
FNDA:2,(anonymous_9)
FNDA:0,(anonymous_10)
FNDA:1,(anonymous_11)
FNDA:0,(anonymous_12)
FNDA:0,(anonymous_13)
FNDA:1,(anonymous_14)
FNDA:2,(anonymous_15)
FNDA:1,(anonymous_16)
FNDA:0,(anonymous_17)
FNDA:0,(anonymous_18)
FNDA:0,(anonymous_19)
DA:5,1
DA:6,16
DA:8,16
DA:9,16
DA:10,16
DA:12,16
DA:13,16
DA:14,16
DA:15,16
DA:18,16
DA:20,16
DA:27,16
DA:36,16
DA:37,11
DA:39,33
DA:41,0
DA:62,16
DA:63,2
DA:64,0
DA:65,0
DA:68,2
DA:70,2
DA:71,2
DA:72,2
DA:73,2
DA:74,2
DA:76,2
DA:77,2
DA:82,2
DA:83,1
DA:84,1
DA:85,1
DA:86,1
DA:87,1
DA:90,1
DA:91,1
DA:92,1
DA:94,0
DA:95,0
DA:98,1
DA:102,16
DA:103,5
DA:116,4
DA:125,16
DA:126,10
DA:128,10
DA:137,10
DA:138,2
DA:139,2
DA:140,2
DA:143,10
DA:158,0
DA:174,1
DA:184,0
DA:214,0
DA:236,16
DA:237,1
DA:239,1
DA:240,1
DA:241,1
DA:243,1
DA:248,1
DA:250,1
DA:278,2
DA:288,1
DA:300,0
DA:328,0
DA:373,0
DA:383,16
LF:69
LH:58
BRDA:48,0,0,11
BRDA:48,0,1,22
BRDA:49,1,0,11
BRDA:49,1,1,22
BRDA:63,2,0,0
BRDA:63,2,1,2
BRDA:82,3,0,1
BRDA:82,3,1,1
BRDA:140,4,0,2
BRDA:140,4,1,0
BRDA:222,5,0,2
BRDA:222,5,1,8
BRDA:237,6,0,0
BRDA:237,6,1,1
BRDA:298,7,0,0
BRDA:298,7,1,1
BRDA:326,8,0,0
BRDA:326,8,1,1
BRDA:385,9,0,5
BRDA:385,9,1,11
BRDA:385,10,0,10
BRDA:385,10,1,1
BRF:22
BRH:17
end_of_record
TN:
SF:src\pages\DetailsPage.jsx
FN:12,(anonymous_0)
FN:19,(anonymous_1)
FN:20,(anonymous_2)
FN:185,(anonymous_3)
FN:196,(anonymous_4)
FN:207,(anonymous_5)
FNF:6
FNH:6
FNDA:3,(anonymous_0)
FNDA:2,(anonymous_1)
FNDA:1,(anonymous_2)
FNDA:2,(anonymous_3)
FNDA:2,(anonymous_4)
FNDA:2,(anonymous_5)
DA:12,1
DA:13,3
DA:14,3
DA:15,3
DA:17,3
DA:19,3
DA:20,2
DA:23,3
DA:24,1
DA:34,2
DA:186,2
DA:197,2
DA:208,2
LF:13
LH:13
BRDA:15,0,0,3
BRDA:15,0,1,3
BRDA:23,1,0,1
BRDA:23,1,1,2
BRDA:99,2,0,2
BRDA:99,2,1,0
BRDA:108,3,0,2
BRDA:108,3,1,0
BRF:8
BRH:6
end_of_record
TN:
SF:src\pages\ForgotPassword.jsx
FN:6,(anonymous_0)
FN:10,(anonymous_1)
FN:15,(anonymous_2)
FN:22,(anonymous_3)
FN:53,(anonymous_4)
FNF:5
FNH:4
FNDA:7,(anonymous_0)
FNDA:2,(anonymous_1)
FNDA:0,(anonymous_2)
FNDA:1,(anonymous_3)
FNDA:1,(anonymous_4)
DA:6,1
DA:7,7
DA:8,7
DA:10,7
DA:11,2
DA:13,2
DA:14,1
DA:15,1
DA:16,1
DA:20,1
DA:21,1
DA:22,1
DA:25,7
DA:53,1
LF:14
LH:14
BRDA:13,0,0,1
BRDA:13,0,1,1
BRDA:39,1,0,7
BRDA:39,1,1,2
BRF:4
BRH:4
end_of_record
TN:
SF:src\pages\Home.jsx
FN:19,(anonymous_0)
FN:21,(anonymous_1)
FN:39,(anonymous_2)
FN:60,(anonymous_3)
FN:98,(anonymous_4)
FN:110,(anonymous_5)
FN:218,(anonymous_6)
FN:230,(anonymous_7)
FN:236,(anonymous_8)
FN:268,(anonymous_9)
FN:318,(anonymous_10)
FNF:11
FNH:11
FNDA:7,(anonymous_0)
FNDA:7,(anonymous_1)
FNDA:7,(anonymous_2)
FNDA:7,(anonymous_3)
FNDA:7,(anonymous_4)
FNDA:7,(anonymous_5)
FNDA:168,(anonymous_6)
FNDA:210,(anonymous_7)
FNDA:14,(anonymous_8)
FNDA:42,(anonymous_9)
FNDA:7,(anonymous_10)
DA:19,1
DA:20,7
DA:21,7
DA:38,7
DA:39,7
DA:59,7
DA:60,7
DA:97,7
DA:98,7
DA:109,7
DA:110,7
DA:118,7
DA:219,168
DA:231,210
DA:237,14
DA:269,42
DA:319,7
LF:17
LH:17
BRDA:239,0,0,7
BRDA:239,0,1,7
BRDA:252,1,0,7
BRDA:252,1,1,7
BRDA:254,2,0,7
BRDA:254,2,1,0
BRDA:277,3,0,14
BRDA:277,3,1,0
BRF:8
BRH:6
end_of_record
TN:
SF:src\pages\Login.jsx
FN:16,(anonymous_0)
FN:25,(anonymous_1)
FN:36,(anonymous_2)
FN:47,(anonymous_3)
FN:51,(anonymous_4)
FN:54,(anonymous_5)
FN:65,(anonymous_6)
FN:68,(anonymous_7)
FN:147,(anonymous_8)
FN:200,(anonymous_9)
FNF:10
FNH:6
FNDA:19,(anonymous_0)
FNDA:0,(anonymous_1)
FNDA:0,(anonymous_2)
FNDA:0,(anonymous_3)
FNDA:8,(anonymous_4)
FNDA:3,(anonymous_5)
FNDA:1,(anonymous_6)
FNDA:2,(anonymous_7)
FNDA:0,(anonymous_8)
FNDA:1,(anonymous_9)
DA:16,1
DA:17,19
DA:18,19
DA:19,19
DA:20,19
DA:25,19
DA:26,0
DA:27,0
DA:29,0
DA:31,0
DA:34,0
DA:36,0
DA:38,0
DA:39,0
DA:40,0
DA:47,19
DA:48,0
DA:51,19
DA:52,8
DA:54,19
DA:55,3
DA:57,3
DA:59,3
DA:60,1
DA:62,1
DA:65,1
DA:67,2
DA:68,2
DA:73,19
DA:147,0
DA:200,1
LF:31
LH:20
BRDA:59,0,0,1
BRDA:59,0,1,2
BRDA:59,1,0,3
BRDA:59,1,1,2
BRDA:96,2,0,19
BRDA:96,2,1,3
BRDA:129,3,0,0
BRDA:129,3,1,19
BRDA:156,4,0,0
BRDA:156,4,1,19
BRF:10
BRH:8
end_of_record
TN:
SF:src\pages\NonRenewable.jsx
FN:12,(anonymous_0)
FN:94,(anonymous_1)
FN:138,(anonymous_2)
FN:146,(anonymous_3)
FN:158,(anonymous_4)
FN:162,(anonymous_5)
FNF:6
FNH:6
FNDA:6,(anonymous_0)
FNDA:36,(anonymous_1)
FNDA:1,(anonymous_2)
FNDA:36,(anonymous_3)
FNDA:1,(anonymous_4)
FNDA:1,(anonymous_5)
DA:12,1
DA:13,6
DA:14,6
DA:15,6
DA:17,6
DA:93,6
DA:95,36
DA:99,6
DA:138,1
DA:147,36
DA:159,1
DA:160,1
DA:163,1
DA:164,1
LF:14
LH:14
BRDA:14,0,0,6
BRDA:14,0,1,5
BRDA:95,1,0,36
BRDA:95,1,1,0
BRDA:135,2,0,6
BRDA:135,2,1,1
BRDA:150,3,0,1
BRDA:150,3,1,35
BRDA:156,4,0,1
BRDA:156,4,1,35
BRF:10
BRH:9
end_of_record
TN:
SF:src\pages\Projects.jsx
FN:16,(anonymous_0)
FN:90,(anonymous_1)
FN:98,(anonymous_2)
FN:103,(anonymous_3)
FN:126,(anonymous_4)
FN:142,(anonymous_5)
FN:150,(anonymous_6)
FN:155,(anonymous_7)
FN:178,(anonymous_8)
FNF:9
FNH:6
FNDA:3,(anonymous_0)
FNDA:18,(anonymous_1)
FNDA:1,(anonymous_2)
FNDA:1,(anonymous_3)
FNDA:1,(anonymous_4)
FNDA:18,(anonymous_5)
FNDA:0,(anonymous_6)
FNDA:0,(anonymous_7)
FNDA:0,(anonymous_8)
DA:16,1
DA:17,3
DA:19,3
DA:28,3
DA:37,3
DA:91,18
DA:99,1
DA:100,1
DA:104,1
DA:105,1
DA:126,1
DA:143,18
DA:151,0
DA:152,0
DA:156,0
DA:157,0
DA:178,0
LF:17
LH:12
BRF:0
BRH:0
end_of_record
TN:
SF:src\pages\Renewable.jsx
FN:12,(anonymous_0)
FN:95,(anonymous_1)
FN:155,(anonymous_2)
FN:163,(anonymous_3)
FN:175,(anonymous_4)
FN:179,(anonymous_5)
FNF:6
FNH:6
FNDA:6,(anonymous_0)
FNDA:36,(anonymous_1)
FNDA:2,(anonymous_2)
FNDA:36,(anonymous_3)
FNDA:1,(anonymous_4)
FNDA:1,(anonymous_5)
DA:12,1
DA:13,6
DA:14,6
DA:16,6
DA:18,6
DA:94,6
DA:96,36
DA:100,6
DA:155,2
DA:164,36
DA:176,1
DA:177,1
DA:180,1
DA:181,1
LF:14
LH:14
BRDA:14,0,0,6
BRDA:14,0,1,5
BRDA:96,1,0,36
BRDA:96,1,1,0
BRDA:152,2,0,6
BRDA:152,2,1,1
BRDA:167,3,0,1
BRDA:167,3,1,35
BRDA:173,4,0,1
BRDA:173,4,1,35
BRF:10
BRH:9
end_of_record
TN:
SF:src\pages\ResetPassword.jsx
FN:5,(anonymous_0)
FN:11,(anonymous_1)
FN:15,(anonymous_2)
FN:19,(anonymous_3)
FN:38,(anonymous_4)
FN:42,(anonymous_5)
FNF:6
FNH:5
FNDA:10,(anonymous_0)
FNDA:2,(anonymous_1)
FNDA:0,(anonymous_2)
FNDA:1,(anonymous_3)
FNDA:2,(anonymous_4)
FNDA:2,(anonymous_5)
DA:5,1
DA:6,10
DA:7,10
DA:8,10
DA:9,10
DA:11,10
DA:12,2
DA:13,2
DA:14,1
DA:15,1
DA:16,1
DA:18,1
DA:19,1
DA:20,1
DA:21,1
DA:25,10
DA:38,2
DA:42,2
LF:18
LH:18
BRDA:13,0,0,1
BRDA:13,0,1,1
BRDA:33,1,0,10
BRDA:33,1,1,2
BRF:4
BRH:4
end_of_record
TN:
SF:src\pages\Services.jsx
FN:3,(anonymous_0)
FNF:1
FNH:1
FNDA:1,(anonymous_0)
DA:3,1
DA:4,1
LF:2
LH:2
BRF:0
BRH:0
end_of_record
TN:
SF:src\pages\Signup.jsx
FN:5,(anonymous_0)
FN:10,(anonymous_1)
FN:13,(anonymous_2)
FN:18,(anonymous_3)
FN:23,(anonymous_4)
FN:121,(anonymous_5)
FNF:6
FNH:4
FNDA:11,(anonymous_0)
FNDA:6,(anonymous_1)
FNDA:2,(anonymous_2)
FNDA:0,(anonymous_3)
FNDA:1,(anonymous_4)
FNDA:0,(anonymous_5)
DA:5,1
DA:6,11
DA:7,11
DA:8,11
DA:10,11
DA:11,6
DA:13,11
DA:14,2
DA:16,2
DA:17,1
DA:18,1
DA:20,1
DA:21,1
DA:23,1
DA:27,11
DA:121,0
LF:16
LH:15
BRDA:16,0,0,1
BRDA:16,0,1,1
BRDA:52,1,0,11
BRDA:52,1,1,2
BRF:4
BRH:4
end_of_record
TN:
SF:src\pages\logout.jsx
FN:4,(anonymous_0)
FN:7,(anonymous_1)
FN:12,(anonymous_2)
FNF:3
FNH:3
FNDA:1,(anonymous_0)
FNDA:1,(anonymous_1)
FNDA:1,(anonymous_2)
DA:4,1
DA:5,1
DA:7,1
DA:9,1
DA:12,1
DA:13,1
DA:17,1
LF:7
LH:7
BRF:0
BRH:0
end_of_record
